running develop
running egg_info
creating temp_humidity_publisher.egg-info
writing temp_humidity_publisher.egg-info/PKG-INFO
writing dependency_links to temp_humidity_publisher.egg-info/dependency_links.txt
writing entry points to temp_humidity_publisher.egg-info/entry_points.txt
writing requirements to temp_humidity_publisher.egg-info/requires.txt
writing top-level names to temp_humidity_publisher.egg-info/top_level.txt
writing manifest file 'temp_humidity_publisher.egg-info/SOURCES.txt'
reading manifest file 'temp_humidity_publisher.egg-info/SOURCES.txt'
writing manifest file 'temp_humidity_publisher.egg-info/SOURCES.txt'
running build_ext
Creating /steam_curing_sys/install/temp_humidity_publisher/lib/python3.8/site-packages/site.py
Creating /steam_curing_sys/install/temp_humidity_publisher/lib/python3.8/site-packages/temp-humidity-publisher.egg-link (link to .)
Installing sensor_publisher script to /steam_curing_sys/install/temp_humidity_publisher/lib/temp_humidity_publisher

Installed /steam_curing_sys/build/temp_humidity_publisher
running install_data
creating /steam_curing_sys/install/temp_humidity_publisher/share/ament_index
creating /steam_curing_sys/install/temp_humidity_publisher/share/ament_index/resource_index
creating /steam_curing_sys/install/temp_humidity_publisher/share/ament_index/resource_index/packages
copying resource/temp_humidity_publisher -> /steam_curing_sys/install/temp_humidity_publisher/share/ament_index/resource_index/packages
copying package.xml -> /steam_curing_sys/install/temp_humidity_publisher/share/temp_humidity_publisher
