[2.457s] Invoking command in '/steam_curing_sys/build/temp_humidity_publisher': PYTHONPATH=/steam_curing_sys/build/temp_humidity_publisher/prefix_override:/steam_curing_sys/install/temp_humidity_publisher/lib/python3.8/site-packages:${PYTHONPATH} /usr/bin/python3 setup.py develop --editable --build-directory /steam_curing_sys/build/temp_humidity_publisher/build --no-deps install_data
[3.337s] running develop
[3.787s] running egg_info
[3.788s] creating temp_humidity_publisher.egg-info
[3.789s] writing temp_humidity_publisher.egg-info/PKG-INFO
[3.789s] writing dependency_links to temp_humidity_publisher.egg-info/dependency_links.txt
[3.790s] writing entry points to temp_humidity_publisher.egg-info/entry_points.txt
[3.790s] writing requirements to temp_humidity_publisher.egg-info/requires.txt
[3.791s] writing top-level names to temp_humidity_publisher.egg-info/top_level.txt
[3.795s] writing manifest file 'temp_humidity_publisher.egg-info/SOURCES.txt'
[3.937s] reading manifest file 'temp_humidity_publisher.egg-info/SOURCES.txt'
[3.940s] writing manifest file 'temp_humidity_publisher.egg-info/SOURCES.txt'
[4.111s] running build_ext
[4.112s] Creating /steam_curing_sys/install/temp_humidity_publisher/lib/python3.8/site-packages/site.py
[4.120s] Creating /steam_curing_sys/install/temp_humidity_publisher/lib/python3.8/site-packages/temp-humidity-publisher.egg-link (link to .)
[4.123s] Installing sensor_publisher script to /steam_curing_sys/install/temp_humidity_publisher/lib/temp_humidity_publisher
[4.124s] 
[4.125s] Installed /steam_curing_sys/build/temp_humidity_publisher
[4.126s] running install_data
[4.126s] creating /steam_curing_sys/install/temp_humidity_publisher/share/ament_index
[4.127s] creating /steam_curing_sys/install/temp_humidity_publisher/share/ament_index/resource_index
[4.128s] creating /steam_curing_sys/install/temp_humidity_publisher/share/ament_index/resource_index/packages
[4.128s] copying resource/temp_humidity_publisher -> /steam_curing_sys/install/temp_humidity_publisher/share/ament_index/resource_index/packages
[4.129s] copying package.xml -> /steam_curing_sys/install/temp_humidity_publisher/share/temp_humidity_publisher
[4.222s] Invoked command in '/steam_curing_sys/build/temp_humidity_publisher' returned '0': PYTHONPATH=/steam_curing_sys/build/temp_humidity_publisher/prefix_override:/steam_curing_sys/install/temp_humidity_publisher/lib/python3.8/site-packages:${PYTHONPATH} /usr/bin/python3 setup.py develop --editable --build-directory /steam_curing_sys/build/temp_humidity_publisher/build --no-deps install_data
