[4.255s] Invoking command in '/home/grz/Steam-Curing-Sys/build/steam_curing_sys': PYTHONPATH=/home/grz/Steam-Curing-Sys/build/steam_curing_sys/prefix_override:/usr/lib/python3/dist-packages/colcon_core/task/python/colcon_distutils_commands:/home/grz/Steam-Curing-Sys/install/steam_curing_sys/lib/python3.8/site-packages:${PYTHONPATH} /usr/bin/python3 -W ignore:setup.py install is deprecated setup.py develop --editable --build-directory /home/grz/Steam-Curing-Sys/build/steam_curing_sys/build --no-deps symlink_data
[5.346s] running develop
[5.899s] running egg_info
[5.899s] creating steam_curing_sys.egg-info
[5.900s] writing steam_curing_sys.egg-info/PKG-INFO
[5.901s] writing dependency_links to steam_curing_sys.egg-info/dependency_links.txt
[5.902s] writing entry points to steam_curing_sys.egg-info/entry_points.txt
[5.903s] writing requirements to steam_curing_sys.egg-info/requires.txt
[5.904s] writing top-level names to steam_curing_sys.egg-info/top_level.txt
[5.909s] writing manifest file 'steam_curing_sys.egg-info/SOURCES.txt'
[6.071s] reading manifest file 'steam_curing_sys.egg-info/SOURCES.txt'
[6.073s] writing manifest file 'steam_curing_sys.egg-info/SOURCES.txt'
[6.077s] running build_ext
[6.079s] Creating /home/grz/Steam-Curing-Sys/install/steam_curing_sys/lib/python3.8/site-packages/site.py
[6.086s] Creating /home/grz/Steam-Curing-Sys/install/steam_curing_sys/lib/python3.8/site-packages/steam-curing-sys.egg-link (link to .)
[6.089s] Installing main_sys script to /home/grz/Steam-Curing-Sys/install/steam_curing_sys/lib/steam_curing_sys
[6.091s] 
[6.092s] Installed /home/grz/Steam-Curing-Sys/build/steam_curing_sys
[6.093s] running symlink_data
[6.093s] creating /home/grz/Steam-Curing-Sys/install/steam_curing_sys/share/ament_index
[6.094s] creating /home/grz/Steam-Curing-Sys/install/steam_curing_sys/share/ament_index/resource_index
[6.095s] creating /home/grz/Steam-Curing-Sys/install/steam_curing_sys/share/ament_index/resource_index/packages
[6.096s] symbolically linking /home/grz/Steam-Curing-Sys/build/steam_curing_sys/resource/steam_curing_sys -> /home/grz/Steam-Curing-Sys/install/steam_curing_sys/share/ament_index/resource_index/packages
[6.096s] symbolically linking /home/grz/Steam-Curing-Sys/build/steam_curing_sys/package.xml -> /home/grz/Steam-Curing-Sys/install/steam_curing_sys/share/steam_curing_sys
[6.097s] creating /home/grz/Steam-Curing-Sys/install/steam_curing_sys/share/steam_curing_sys/launch
[6.097s] symbolically linking /home/grz/Steam-Curing-Sys/build/steam_curing_sys/launch/steam_curing_sys_launch.py -> /home/grz/Steam-Curing-Sys/install/steam_curing_sys/share/steam_curing_sys/launch
[6.190s] Invoked command in '/home/grz/Steam-Curing-Sys/build/steam_curing_sys' returned '0': PYTHONPATH=/home/grz/Steam-Curing-Sys/build/steam_curing_sys/prefix_override:/usr/lib/python3/dist-packages/colcon_core/task/python/colcon_distutils_commands:/home/grz/Steam-Curing-Sys/install/steam_curing_sys/lib/python3.8/site-packages:${PYTHONPATH} /usr/bin/python3 -W ignore:setup.py install is deprecated setup.py develop --editable --build-directory /home/grz/Steam-Curing-Sys/build/steam_curing_sys/build --no-deps symlink_data
