running develop
running egg_info
creating steam_curing_sys.egg-info
writing steam_curing_sys.egg-info/PKG-INFO
writing dependency_links to steam_curing_sys.egg-info/dependency_links.txt
writing entry points to steam_curing_sys.egg-info/entry_points.txt
writing requirements to steam_curing_sys.egg-info/requires.txt
writing top-level names to steam_curing_sys.egg-info/top_level.txt
writing manifest file 'steam_curing_sys.egg-info/SOURCES.txt'
reading manifest file 'steam_curing_sys.egg-info/SOURCES.txt'
writing manifest file 'steam_curing_sys.egg-info/SOURCES.txt'
running build_ext
Creating /steam_curing_sys/install/steam_curing_sys/lib/python3.8/site-packages/site.py
Creating /steam_curing_sys/install/steam_curing_sys/lib/python3.8/site-packages/steam-curing-sys.egg-link (link to .)
Installing main_sys script to /steam_curing_sys/install/steam_curing_sys/lib/steam_curing_sys

Installed /steam_curing_sys/build/steam_curing_sys
running install_data
creating /steam_curing_sys/install/steam_curing_sys/share/ament_index
creating /steam_curing_sys/install/steam_curing_sys/share/ament_index/resource_index
creating /steam_curing_sys/install/steam_curing_sys/share/ament_index/resource_index/packages
copying resource/steam_curing_sys -> /steam_curing_sys/install/steam_curing_sys/share/ament_index/resource_index/packages
copying package.xml -> /steam_curing_sys/install/steam_curing_sys/share/steam_curing_sys
creating /steam_curing_sys/install/steam_curing_sys/share/steam_curing_sys/launch
copying launch/steam_curing_sys_launch.py -> /steam_curing_sys/install/steam_curing_sys/share/steam_curing_sys/launch
