[0.934s] DEBUG:colcon:Command line arguments: ['/usr/bin/colcon', 'build', '--symlink-install', '--packages-select', 'temp_humidity_publisher']
[0.935s] DEBUG:colcon:Parsed command line arguments: Namespace(allow_overriding=[], ament_cmake_args=None, base_paths=['.'], build_base='build', catkin_cmake_args=None, catkin_skip_building_tests=False, cmake_args=None, cmake_clean_cache=False, cmake_clean_first=False, cmake_force_configure=False, cmake_target=None, cmake_target_skip_unavailable=False, continue_on_error=False, event_handlers=None, executor='parallel', ignore_user_meta=False, install_base='install', log_base=None, log_level=None, main=<bound method BuildVerb.main of <colcon_core.verb.build.BuildVerb object at 0x7f1558e750d0>>, merge_install=False, metas=['./colcon.meta'], mixin=None, mixin_files=None, mixin_verb=('build',), packages_above=None, packages_above_and_dependencies=None, packages_above_depth=None, packages_end=None, packages_ignore=None, packages_ignore_regex=None, packages_select=['temp_humidity_publisher'], packages_select_build_failed=False, packages_select_by_dep=None, packages_select_regex=None, packages_select_test_failures=False, packages_skip=None, packages_skip_build_finished=False, packages_skip_by_dep=None, packages_skip_regex=None, packages_skip_test_passed=False, packages_skip_up_to=None, packages_start=None, packages_up_to=None, packages_up_to_regex=None, parallel_workers=4, paths=None, symlink_install=True, test_result_base=None, verb_extension=<colcon_core.verb.build.BuildVerb object at 0x7f1558e750d0>, verb_name='build', verb_parser=<colcon_mixin.mixin.mixin_argument.MixinArgumentDecorator object at 0x7f1558e756a0>)
[1.531s] Level 1:colcon.colcon_core.package_discovery:discover_packages(colcon_meta) check parameters
[1.531s] Level 1:colcon.colcon_core.package_discovery:discover_packages(recursive) check parameters
[1.531s] Level 1:colcon.colcon_core.package_discovery:discover_packages(ignore) check parameters
[1.531s] Level 1:colcon.colcon_core.package_discovery:discover_packages(path) check parameters
[1.531s] Level 1:colcon.colcon_core.package_discovery:discover_packages(colcon_meta) discover
[1.532s] Level 1:colcon.colcon_core.package_discovery:discover_packages(recursive) discover
[1.532s] INFO:colcon.colcon_core.package_discovery:Crawling recursively for packages in '/home/grz/Steam-Curing-Sys'
[1.532s] Level 1:colcon.colcon_core.package_identification:_identify(.) by extensions ['ignore', 'ignore_ament_install']
[1.533s] Level 1:colcon.colcon_core.package_identification:_identify(.) by extension 'ignore'
[1.533s] Level 1:colcon.colcon_core.package_identification:_identify(.) by extension 'ignore_ament_install'
[1.533s] Level 1:colcon.colcon_core.package_identification:_identify(.) by extensions ['colcon_pkg']
[1.533s] Level 1:colcon.colcon_core.package_identification:_identify(.) by extension 'colcon_pkg'
[1.534s] Level 1:colcon.colcon_core.package_identification:_identify(.) by extensions ['colcon_meta']
[1.534s] Level 1:colcon.colcon_core.package_identification:_identify(.) by extension 'colcon_meta'
[1.534s] Level 1:colcon.colcon_core.package_identification:_identify(.) by extensions ['ros']
[1.534s] Level 1:colcon.colcon_core.package_identification:_identify(.) by extension 'ros'
[1.583s] Level 1:colcon.colcon_core.package_identification:_identify(.) by extensions ['cmake', 'python']
[1.583s] Level 1:colcon.colcon_core.package_identification:_identify(.) by extension 'cmake'
[1.583s] Level 1:colcon.colcon_core.package_identification:_identify(.) by extension 'python'
[1.584s] Level 1:colcon.colcon_core.package_identification:_identify(.) by extensions ['python_setup_py']
[1.584s] Level 1:colcon.colcon_core.package_identification:_identify(.) by extension 'python_setup_py'
[1.584s] Level 1:colcon.colcon_core.package_identification:_identify(__pycache__) by extensions ['ignore', 'ignore_ament_install']
[1.585s] Level 1:colcon.colcon_core.package_identification:_identify(__pycache__) by extension 'ignore'
[1.585s] Level 1:colcon.colcon_core.package_identification:_identify(__pycache__) by extension 'ignore_ament_install'
[1.585s] Level 1:colcon.colcon_core.package_identification:_identify(__pycache__) by extensions ['colcon_pkg']
[1.586s] Level 1:colcon.colcon_core.package_identification:_identify(__pycache__) by extension 'colcon_pkg'
[1.586s] Level 1:colcon.colcon_core.package_identification:_identify(__pycache__) by extensions ['colcon_meta']
[1.586s] Level 1:colcon.colcon_core.package_identification:_identify(__pycache__) by extension 'colcon_meta'
[1.586s] Level 1:colcon.colcon_core.package_identification:_identify(__pycache__) by extensions ['ros']
[1.586s] Level 1:colcon.colcon_core.package_identification:_identify(__pycache__) by extension 'ros'
[1.587s] Level 1:colcon.colcon_core.package_identification:_identify(__pycache__) by extensions ['cmake', 'python']
[1.587s] Level 1:colcon.colcon_core.package_identification:_identify(__pycache__) by extension 'cmake'
[1.587s] Level 1:colcon.colcon_core.package_identification:_identify(__pycache__) by extension 'python'
[1.587s] Level 1:colcon.colcon_core.package_identification:_identify(__pycache__) by extensions ['python_setup_py']
[1.587s] Level 1:colcon.colcon_core.package_identification:_identify(__pycache__) by extension 'python_setup_py'
[1.588s] Level 1:colcon.colcon_core.package_identification:_identify(build) by extensions ['ignore', 'ignore_ament_install']
[1.588s] Level 1:colcon.colcon_core.package_identification:_identify(build) by extension 'ignore'
[1.589s] Level 1:colcon.colcon_core.package_identification:_identify(build) ignored
[1.589s] Level 1:colcon.colcon_core.package_identification:_identify(install) by extensions ['ignore', 'ignore_ament_install']
[1.590s] Level 1:colcon.colcon_core.package_identification:_identify(install) by extension 'ignore'
[1.590s] Level 1:colcon.colcon_core.package_identification:_identify(install) ignored
[1.590s] Level 1:colcon.colcon_core.package_identification:_identify(log) by extensions ['ignore', 'ignore_ament_install']
[1.591s] Level 1:colcon.colcon_core.package_identification:_identify(log) by extension 'ignore'
[1.591s] Level 1:colcon.colcon_core.package_identification:_identify(log) ignored
[1.591s] Level 1:colcon.colcon_core.package_identification:_identify(optocoupler_input_publisher) by extensions ['ignore', 'ignore_ament_install']
[1.592s] Level 1:colcon.colcon_core.package_identification:_identify(optocoupler_input_publisher) by extension 'ignore'
[1.592s] Level 1:colcon.colcon_core.package_identification:_identify(optocoupler_input_publisher) by extension 'ignore_ament_install'
[1.592s] Level 1:colcon.colcon_core.package_identification:_identify(optocoupler_input_publisher) by extensions ['colcon_pkg']
[1.593s] Level 1:colcon.colcon_core.package_identification:_identify(optocoupler_input_publisher) by extension 'colcon_pkg'
[1.593s] Level 1:colcon.colcon_core.package_identification:_identify(optocoupler_input_publisher) by extensions ['colcon_meta']
[1.593s] Level 1:colcon.colcon_core.package_identification:_identify(optocoupler_input_publisher) by extension 'colcon_meta'
[1.593s] Level 1:colcon.colcon_core.package_identification:_identify(optocoupler_input_publisher) by extensions ['ros']
[1.593s] Level 1:colcon.colcon_core.package_identification:_identify(optocoupler_input_publisher) by extension 'ros'
[1.602s] DEBUG:colcon.colcon_core.package_identification:Package 'optocoupler_input_publisher' with type 'ros.ament_python' and name 'optocoupler_input_publisher'
[1.603s] Level 1:colcon.colcon_core.package_identification:_identify(steam_curing_sys) by extensions ['ignore', 'ignore_ament_install']
[1.603s] Level 1:colcon.colcon_core.package_identification:_identify(steam_curing_sys) by extension 'ignore'
[1.604s] Level 1:colcon.colcon_core.package_identification:_identify(steam_curing_sys) by extension 'ignore_ament_install'
[1.604s] Level 1:colcon.colcon_core.package_identification:_identify(steam_curing_sys) by extensions ['colcon_pkg']
[1.604s] Level 1:colcon.colcon_core.package_identification:_identify(steam_curing_sys) by extension 'colcon_pkg'
[1.604s] Level 1:colcon.colcon_core.package_identification:_identify(steam_curing_sys) by extensions ['colcon_meta']
[1.604s] Level 1:colcon.colcon_core.package_identification:_identify(steam_curing_sys) by extension 'colcon_meta'
[1.605s] Level 1:colcon.colcon_core.package_identification:_identify(steam_curing_sys) by extensions ['ros']
[1.605s] Level 1:colcon.colcon_core.package_identification:_identify(steam_curing_sys) by extension 'ros'
[1.607s] DEBUG:colcon.colcon_core.package_identification:Package 'steam_curing_sys' with type 'ros.ament_python' and name 'steam_curing_sys'
[1.608s] Level 1:colcon.colcon_core.package_identification:_identify(temp_humidity_publisher) by extensions ['ignore', 'ignore_ament_install']
[1.608s] Level 1:colcon.colcon_core.package_identification:_identify(temp_humidity_publisher) by extension 'ignore'
[1.608s] Level 1:colcon.colcon_core.package_identification:_identify(temp_humidity_publisher) by extension 'ignore_ament_install'
[1.609s] Level 1:colcon.colcon_core.package_identification:_identify(temp_humidity_publisher) by extensions ['colcon_pkg']
[1.609s] Level 1:colcon.colcon_core.package_identification:_identify(temp_humidity_publisher) by extension 'colcon_pkg'
[1.609s] Level 1:colcon.colcon_core.package_identification:_identify(temp_humidity_publisher) by extensions ['colcon_meta']
[1.609s] Level 1:colcon.colcon_core.package_identification:_identify(temp_humidity_publisher) by extension 'colcon_meta'
[1.609s] Level 1:colcon.colcon_core.package_identification:_identify(temp_humidity_publisher) by extensions ['ros']
[1.610s] Level 1:colcon.colcon_core.package_identification:_identify(temp_humidity_publisher) by extension 'ros'
[1.612s] DEBUG:colcon.colcon_core.package_identification:Package 'temp_humidity_publisher' with type 'ros.ament_python' and name 'temp_humidity_publisher'
[1.612s] Level 1:colcon.colcon_core.package_discovery:discover_packages(recursive) using defaults
[1.612s] Level 1:colcon.colcon_core.package_discovery:discover_packages(ignore) discover
[1.612s] Level 1:colcon.colcon_core.package_discovery:discover_packages(ignore) using defaults
[1.613s] Level 1:colcon.colcon_core.package_discovery:discover_packages(path) discover
[1.613s] Level 1:colcon.colcon_core.package_discovery:discover_packages(path) using defaults
[1.678s] INFO:colcon.colcon_core.package_selection:Skipping not selected package 'optocoupler_input_publisher' in 'optocoupler_input_publisher'
[1.678s] INFO:colcon.colcon_core.package_selection:Skipping not selected package 'steam_curing_sys' in 'steam_curing_sys'
[1.680s] Level 1:colcon.colcon_core.package_discovery:discover_packages(prefix_path) check parameters
[1.680s] Level 1:colcon.colcon_core.package_discovery:discover_packages(prefix_path) discover
[1.690s] DEBUG:colcon.colcon_installed_package_information.package_discovery:Found 168 installed packages in /opt/ros/foxy
[1.696s] Level 1:colcon.colcon_core.package_discovery:discover_packages(prefix_path) using defaults
[1.861s] Level 5:colcon.colcon_core.verb:set package 'temp_humidity_publisher' build argument 'cmake_args' from command line to 'None'
[1.861s] Level 5:colcon.colcon_core.verb:set package 'temp_humidity_publisher' build argument 'cmake_target' from command line to 'None'
[1.861s] Level 5:colcon.colcon_core.verb:set package 'temp_humidity_publisher' build argument 'cmake_target_skip_unavailable' from command line to 'False'
[1.862s] Level 5:colcon.colcon_core.verb:set package 'temp_humidity_publisher' build argument 'cmake_clean_cache' from command line to 'False'
[1.862s] Level 5:colcon.colcon_core.verb:set package 'temp_humidity_publisher' build argument 'cmake_clean_first' from command line to 'False'
[1.862s] Level 5:colcon.colcon_core.verb:set package 'temp_humidity_publisher' build argument 'cmake_force_configure' from command line to 'False'
[1.862s] Level 5:colcon.colcon_core.verb:set package 'temp_humidity_publisher' build argument 'ament_cmake_args' from command line to 'None'
[1.862s] Level 5:colcon.colcon_core.verb:set package 'temp_humidity_publisher' build argument 'catkin_cmake_args' from command line to 'None'
[1.862s] Level 5:colcon.colcon_core.verb:set package 'temp_humidity_publisher' build argument 'catkin_skip_building_tests' from command line to 'False'
[1.862s] DEBUG:colcon.colcon_core.verb:Building package 'temp_humidity_publisher' with the following arguments: {'ament_cmake_args': None, 'build_base': '/home/grz/Steam-Curing-Sys/build/temp_humidity_publisher', 'catkin_cmake_args': None, 'catkin_skip_building_tests': False, 'cmake_args': None, 'cmake_clean_cache': False, 'cmake_clean_first': False, 'cmake_force_configure': False, 'cmake_target': None, 'cmake_target_skip_unavailable': False, 'install_base': '/home/grz/Steam-Curing-Sys/install/temp_humidity_publisher', 'merge_install': False, 'path': '/home/grz/Steam-Curing-Sys/temp_humidity_publisher', 'symlink_install': True, 'test_result_base': None}
[1.863s] INFO:colcon.colcon_core.executor:Executing jobs using 'parallel' executor
[1.867s] DEBUG:colcon.colcon_parallel_executor.executor.parallel:run_until_complete
[1.868s] INFO:colcon.colcon_ros.task.ament_python.build:Building ROS package in '/home/grz/Steam-Curing-Sys/temp_humidity_publisher' with build type 'ament_python'
[1.869s] Level 1:colcon.colcon_core.shell:create_environment_hook('temp_humidity_publisher', 'ament_prefix_path')
[1.878s] INFO:colcon.colcon_core.plugin_system:Skipping extension 'colcon_core.shell.bat': Not used on non-Windows systems
[1.878s] INFO:colcon.colcon_core.shell:Creating environment hook '/home/grz/Steam-Curing-Sys/install/temp_humidity_publisher/share/temp_humidity_publisher/hook/ament_prefix_path.ps1'
[1.881s] INFO:colcon.colcon_core.shell:Creating environment descriptor '/home/grz/Steam-Curing-Sys/install/temp_humidity_publisher/share/temp_humidity_publisher/hook/ament_prefix_path.dsv'
[1.883s] INFO:colcon.colcon_core.shell:Creating environment hook '/home/grz/Steam-Curing-Sys/install/temp_humidity_publisher/share/temp_humidity_publisher/hook/ament_prefix_path.sh'
[1.886s] INFO:colcon.colcon_core.shell:Skip shell extension 'powershell' for command environment: Not usable outside of PowerShell
[1.886s] DEBUG:colcon.colcon_core.shell:Skip shell extension 'dsv' for command environment
[2.787s] INFO:colcon.colcon_core.task.python.build:Building Python package in '/home/grz/Steam-Curing-Sys/temp_humidity_publisher'
[2.789s] INFO:colcon.colcon_core.shell:Skip shell extension 'powershell' for command environment: Not usable outside of PowerShell
[2.790s] DEBUG:colcon.colcon_core.shell:Skip shell extension 'dsv' for command environment
[4.207s] DEBUG:colcon.colcon_core.event_handler.log_command:Invoking command in '/home/grz/Steam-Curing-Sys/build/temp_humidity_publisher': PYTHONPATH=/home/grz/Steam-Curing-Sys/build/temp_humidity_publisher/prefix_override:/usr/lib/python3/dist-packages/colcon_core/task/python/colcon_distutils_commands:/home/grz/Steam-Curing-Sys/install/temp_humidity_publisher/lib/python3.8/site-packages:${PYTHONPATH} /usr/bin/python3 -W ignore:setup.py install is deprecated setup.py develop --editable --build-directory /home/grz/Steam-Curing-Sys/build/temp_humidity_publisher/build --no-deps symlink_data
[5.923s] Level 1:colcon.colcon_core.shell:create_environment_hook('temp_humidity_publisher', 'pythonpath_develop')
[5.925s] INFO:colcon.colcon_core.shell:Creating environment hook '/home/grz/Steam-Curing-Sys/build/temp_humidity_publisher/share/temp_humidity_publisher/hook/pythonpath_develop.ps1'
[5.929s] DEBUG:colcon.colcon_core.event_handler.log_command:Invoked command in '/home/grz/Steam-Curing-Sys/build/temp_humidity_publisher' returned '0': PYTHONPATH=/home/grz/Steam-Curing-Sys/build/temp_humidity_publisher/prefix_override:/usr/lib/python3/dist-packages/colcon_core/task/python/colcon_distutils_commands:/home/grz/Steam-Curing-Sys/install/temp_humidity_publisher/lib/python3.8/site-packages:${PYTHONPATH} /usr/bin/python3 -W ignore:setup.py install is deprecated setup.py develop --editable --build-directory /home/grz/Steam-Curing-Sys/build/temp_humidity_publisher/build --no-deps symlink_data
[5.930s] INFO:colcon.colcon_core.shell:Creating environment descriptor '/home/grz/Steam-Curing-Sys/build/temp_humidity_publisher/share/temp_humidity_publisher/hook/pythonpath_develop.dsv'
[5.932s] INFO:colcon.colcon_core.shell:Creating environment hook '/home/grz/Steam-Curing-Sys/build/temp_humidity_publisher/share/temp_humidity_publisher/hook/pythonpath_develop.sh'
[5.944s] Level 1:colcon.colcon_core.environment:checking '/home/grz/Steam-Curing-Sys/install/temp_humidity_publisher' for CMake module files
[5.947s] Level 1:colcon.colcon_core.environment:checking '/home/grz/Steam-Curing-Sys/install/temp_humidity_publisher' for CMake config files
[5.949s] Level 1:colcon.colcon_core.environment:checking '/home/grz/Steam-Curing-Sys/install/temp_humidity_publisher/lib'
[5.950s] Level 1:colcon.colcon_core.environment:checking '/home/grz/Steam-Curing-Sys/install/temp_humidity_publisher/bin'
[5.950s] Level 1:colcon.colcon_core.environment:checking '/home/grz/Steam-Curing-Sys/install/temp_humidity_publisher/lib/pkgconfig/temp_humidity_publisher.pc'
[5.951s] Level 1:colcon.colcon_core.environment:checking '/home/grz/Steam-Curing-Sys/install/temp_humidity_publisher/lib/python3.8/site-packages'
[5.951s] Level 1:colcon.colcon_core.shell:create_environment_hook('temp_humidity_publisher', 'pythonpath')
[5.952s] INFO:colcon.colcon_core.shell:Creating environment hook '/home/grz/Steam-Curing-Sys/install/temp_humidity_publisher/share/temp_humidity_publisher/hook/pythonpath.ps1'
[5.954s] INFO:colcon.colcon_core.shell:Creating environment descriptor '/home/grz/Steam-Curing-Sys/install/temp_humidity_publisher/share/temp_humidity_publisher/hook/pythonpath.dsv'
[5.955s] INFO:colcon.colcon_core.shell:Creating environment hook '/home/grz/Steam-Curing-Sys/install/temp_humidity_publisher/share/temp_humidity_publisher/hook/pythonpath.sh'
[5.957s] Level 1:colcon.colcon_core.environment:checking '/home/grz/Steam-Curing-Sys/install/temp_humidity_publisher/bin'
[5.958s] Level 1:colcon.colcon_core.environment:create_environment_scripts_only(temp_humidity_publisher)
[5.959s] INFO:colcon.colcon_core.shell:Creating package script '/home/grz/Steam-Curing-Sys/install/temp_humidity_publisher/share/temp_humidity_publisher/package.ps1'
[5.963s] INFO:colcon.colcon_core.shell:Creating package descriptor '/home/grz/Steam-Curing-Sys/install/temp_humidity_publisher/share/temp_humidity_publisher/package.dsv'
[5.966s] INFO:colcon.colcon_core.shell:Creating package script '/home/grz/Steam-Curing-Sys/install/temp_humidity_publisher/share/temp_humidity_publisher/package.sh'
[5.969s] INFO:colcon.colcon_core.shell:Creating package script '/home/grz/Steam-Curing-Sys/install/temp_humidity_publisher/share/temp_humidity_publisher/package.bash'
[5.972s] INFO:colcon.colcon_core.shell:Creating package script '/home/grz/Steam-Curing-Sys/install/temp_humidity_publisher/share/temp_humidity_publisher/package.zsh'
[5.975s] Level 1:colcon.colcon_core.environment:create_file_with_runtime_dependencies(/home/grz/Steam-Curing-Sys/install/temp_humidity_publisher/share/colcon-core/packages/temp_humidity_publisher)
[5.976s] DEBUG:colcon.colcon_parallel_executor.executor.parallel:closing loop
[5.977s] DEBUG:colcon.colcon_parallel_executor.executor.parallel:loop closed
[5.978s] DEBUG:colcon.colcon_parallel_executor.executor.parallel:run_until_complete finished with '0'
[5.978s] DEBUG:colcon.colcon_core.event_reactor:joining thread
[6.001s] INFO:colcon.colcon_core.plugin_system:Skipping extension 'colcon_notification.desktop_notification.notify_send': Could not find 'notify-send'
[6.001s] INFO:colcon.colcon_core.plugin_system:Skipping extension 'colcon_notification.desktop_notification.terminal_notifier': Not used on non-Darwin systems
[6.002s] INFO:colcon.colcon_core.plugin_system:Skipping extension 'colcon_notification.desktop_notification.win32': Not used on non-Windows systems
[6.002s] INFO:colcon.colcon_notification.desktop_notification:Sending desktop notification using 'notify2'
[6.007s] DEBUG:colcon.colcon_notification.desktop_notification.notify2:Failed to initialize notify2: org.freedesktop.DBus.Error.ServiceUnknown: The name org.freedesktop.Notifications was not provided by any .service files
[6.008s] DEBUG:colcon.colcon_core.event_reactor:joined thread
[6.010s] INFO:colcon.colcon_core.shell:Creating prefix script '/home/grz/Steam-Curing-Sys/install/local_setup.ps1'
[6.018s] INFO:colcon.colcon_core.shell:Creating prefix util module '/home/grz/Steam-Curing-Sys/install/_local_setup_util_ps1.py'
[6.024s] INFO:colcon.colcon_core.shell:Creating prefix chain script '/home/grz/Steam-Curing-Sys/install/setup.ps1'
[6.027s] INFO:colcon.colcon_core.shell:Creating prefix script '/home/grz/Steam-Curing-Sys/install/local_setup.sh'
[6.030s] INFO:colcon.colcon_core.shell:Creating prefix util module '/home/grz/Steam-Curing-Sys/install/_local_setup_util_sh.py'
[6.032s] INFO:colcon.colcon_core.shell:Creating prefix chain script '/home/grz/Steam-Curing-Sys/install/setup.sh'
[6.035s] INFO:colcon.colcon_core.shell:Creating prefix script '/home/grz/Steam-Curing-Sys/install/local_setup.bash'
[6.037s] INFO:colcon.colcon_core.shell:Creating prefix chain script '/home/grz/Steam-Curing-Sys/install/setup.bash'
[6.041s] INFO:colcon.colcon_core.shell:Creating prefix script '/home/grz/Steam-Curing-Sys/install/local_setup.zsh'
[6.043s] INFO:colcon.colcon_core.shell:Creating prefix chain script '/home/grz/Steam-Curing-Sys/install/setup.zsh'
