running develop
running egg_info
creating optocoupler_input_publisher.egg-info
writing optocoupler_input_publisher.egg-info/PKG-INFO
writing dependency_links to optocoupler_input_publisher.egg-info/dependency_links.txt
writing entry points to optocoupler_input_publisher.egg-info/entry_points.txt
writing requirements to optocoupler_input_publisher.egg-info/requires.txt
writing top-level names to optocoupler_input_publisher.egg-info/top_level.txt
writing manifest file 'optocoupler_input_publisher.egg-info/SOURCES.txt'
reading manifest file 'optocoupler_input_publisher.egg-info/SOURCES.txt'
writing manifest file 'optocoupler_input_publisher.egg-info/SOURCES.txt'
running build_ext
Creating /home/grz/Steam-Curing-Sys/install/optocoupler_input_publisher/lib/python3.8/site-packages/site.py
Creating /home/grz/Steam-Curing-Sys/install/optocoupler_input_publisher/lib/python3.8/site-packages/optocoupler-input-publisher.egg-link (link to .)
Installing input_publisher script to /home/grz/Steam-Curing-Sys/install/optocoupler_input_publisher/lib/optocoupler_input_publisher

Installed /home/grz/Steam-Curing-Sys/build/optocoupler_input_publisher
running symlink_data
creating /home/grz/Steam-Curing-Sys/install/optocoupler_input_publisher/share/ament_index
creating /home/grz/Steam-Curing-Sys/install/optocoupler_input_publisher/share/ament_index/resource_index
creating /home/grz/Steam-Curing-Sys/install/optocoupler_input_publisher/share/ament_index/resource_index/packages
symbolically linking /home/grz/Steam-Curing-Sys/build/optocoupler_input_publisher/resource/optocoupler_input_publisher -> /home/grz/Steam-Curing-Sys/install/optocoupler_input_publisher/share/ament_index/resource_index/packages
symbolically linking /home/grz/Steam-Curing-Sys/build/optocoupler_input_publisher/package.xml -> /home/grz/Steam-Curing-Sys/install/optocoupler_input_publisher/share/optocoupler_input_publisher
