[2.448s] Invoking command in '/home/grz/Steam-Curing-Sys/build/optocoupler_input_publisher': PYTHONPATH=/home/grz/Steam-Curing-Sys/build/optocoupler_input_publisher/prefix_override:/usr/lib/python3/dist-packages/colcon_core/task/python/colcon_distutils_commands:/home/grz/Steam-Curing-Sys/install/optocoupler_input_publisher/lib/python3.8/site-packages:${PYTHONPATH} /usr/bin/python3 -W ignore:setup.py install is deprecated setup.py develop --editable --build-directory /home/grz/Steam-Curing-Sys/build/optocoupler_input_publisher/build --no-deps symlink_data
[3.358s] running develop
[3.886s] running egg_info
[3.887s] creating optocoupler_input_publisher.egg-info
[3.888s] writing optocoupler_input_publisher.egg-info/PKG-INFO
[3.889s] writing dependency_links to optocoupler_input_publisher.egg-info/dependency_links.txt
[3.890s] writing entry points to optocoupler_input_publisher.egg-info/entry_points.txt
[3.890s] writing requirements to optocoupler_input_publisher.egg-info/requires.txt
[3.891s] writing top-level names to optocoupler_input_publisher.egg-info/top_level.txt
[3.897s] writing manifest file 'optocoupler_input_publisher.egg-info/SOURCES.txt'
[4.042s] reading manifest file 'optocoupler_input_publisher.egg-info/SOURCES.txt'
[4.046s] writing manifest file 'optocoupler_input_publisher.egg-info/SOURCES.txt'
[4.050s] running build_ext
[4.053s] Creating /home/grz/Steam-Curing-Sys/install/optocoupler_input_publisher/lib/python3.8/site-packages/site.py
[4.063s] Creating /home/grz/Steam-Curing-Sys/install/optocoupler_input_publisher/lib/python3.8/site-packages/optocoupler-input-publisher.egg-link (link to .)
[4.066s] Installing input_publisher script to /home/grz/Steam-Curing-Sys/install/optocoupler_input_publisher/lib/optocoupler_input_publisher
[4.068s] 
[4.068s] Installed /home/grz/Steam-Curing-Sys/build/optocoupler_input_publisher
[4.069s] running symlink_data
[4.070s] creating /home/grz/Steam-Curing-Sys/install/optocoupler_input_publisher/share/ament_index
[4.070s] creating /home/grz/Steam-Curing-Sys/install/optocoupler_input_publisher/share/ament_index/resource_index
[4.071s] creating /home/grz/Steam-Curing-Sys/install/optocoupler_input_publisher/share/ament_index/resource_index/packages
[4.071s] symbolically linking /home/grz/Steam-Curing-Sys/build/optocoupler_input_publisher/resource/optocoupler_input_publisher -> /home/grz/Steam-Curing-Sys/install/optocoupler_input_publisher/share/ament_index/resource_index/packages
[4.072s] symbolically linking /home/grz/Steam-Curing-Sys/build/optocoupler_input_publisher/package.xml -> /home/grz/Steam-Curing-Sys/install/optocoupler_input_publisher/share/optocoupler_input_publisher
[4.153s] Invoked command in '/home/grz/Steam-Curing-Sys/build/optocoupler_input_publisher' returned '0': PYTHONPATH=/home/grz/Steam-Curing-Sys/build/optocoupler_input_publisher/prefix_override:/usr/lib/python3/dist-packages/colcon_core/task/python/colcon_distutils_commands:/home/grz/Steam-Curing-Sys/install/optocoupler_input_publisher/lib/python3.8/site-packages:${PYTHONPATH} /usr/bin/python3 -W ignore:setup.py install is deprecated setup.py develop --editable --build-directory /home/grz/Steam-Curing-Sys/build/optocoupler_input_publisher/build --no-deps symlink_data
