running develop
running egg_info
creating temp_humidity_publisher.egg-info
writing temp_humidity_publisher.egg-info/PKG-INFO
writing dependency_links to temp_humidity_publisher.egg-info/dependency_links.txt
writing entry points to temp_humidity_publisher.egg-info/entry_points.txt
writing requirements to temp_humidity_publisher.egg-info/requires.txt
writing top-level names to temp_humidity_publisher.egg-info/top_level.txt
writing manifest file 'temp_humidity_publisher.egg-info/SOURCES.txt'
reading manifest file 'temp_humidity_publisher.egg-info/SOURCES.txt'
writing manifest file 'temp_humidity_publisher.egg-info/SOURCES.txt'
running build_ext
Creating /home/grz/Steam-Curing-Sys/install/temp_humidity_publisher/lib/python3.8/site-packages/site.py
Creating /home/grz/Steam-Curing-Sys/install/temp_humidity_publisher/lib/python3.8/site-packages/temp-humidity-publisher.egg-link (link to .)
Installing sensor_publisher script to /home/grz/Steam-Curing-Sys/install/temp_humidity_publisher/lib/temp_humidity_publisher

Installed /home/grz/Steam-Curing-Sys/build/temp_humidity_publisher
running symlink_data
creating /home/grz/Steam-Curing-Sys/install/temp_humidity_publisher/share/ament_index
creating /home/grz/Steam-Curing-Sys/install/temp_humidity_publisher/share/ament_index/resource_index
creating /home/grz/Steam-Curing-Sys/install/temp_humidity_publisher/share/ament_index/resource_index/packages
symbolically linking /home/grz/Steam-Curing-Sys/build/temp_humidity_publisher/resource/temp_humidity_publisher -> /home/grz/Steam-Curing-Sys/install/temp_humidity_publisher/share/ament_index/resource_index/packages
symbolically linking /home/grz/Steam-Curing-Sys/build/temp_humidity_publisher/package.xml -> /home/grz/Steam-Curing-Sys/install/temp_humidity_publisher/share/temp_humidity_publisher
