[3.363s] Invoking command in '/home/grz/Steam-Curing-Sys/build/temp_humidity_publisher': PYTHONPATH=/home/grz/Steam-Curing-Sys/build/temp_humidity_publisher/prefix_override:/usr/lib/python3/dist-packages/colcon_core/task/python/colcon_distutils_commands:/home/grz/Steam-Curing-Sys/install/temp_humidity_publisher/lib/python3.8/site-packages:${PYTHONPATH} /usr/bin/python3 -W ignore:setup.py install is deprecated setup.py develop --editable --build-directory /home/grz/Steam-Curing-Sys/build/temp_humidity_publisher/build --no-deps symlink_data
[4.383s] running develop
[5.036s] running egg_info
[5.037s] creating temp_humidity_publisher.egg-info
[5.037s] writing temp_humidity_publisher.egg-info/PKG-INFO
[5.038s] writing dependency_links to temp_humidity_publisher.egg-info/dependency_links.txt
[5.039s] writing entry points to temp_humidity_publisher.egg-info/entry_points.txt
[5.040s] writing requirements to temp_humidity_publisher.egg-info/requires.txt
[5.040s] writing top-level names to temp_humidity_publisher.egg-info/top_level.txt
[5.044s] writing manifest file 'temp_humidity_publisher.egg-info/SOURCES.txt'
[5.200s] reading manifest file 'temp_humidity_publisher.egg-info/SOURCES.txt'
[5.204s] writing manifest file 'temp_humidity_publisher.egg-info/SOURCES.txt'
[5.211s] running build_ext
[5.212s] Creating /home/grz/Steam-Curing-Sys/install/temp_humidity_publisher/lib/python3.8/site-packages/site.py
[5.220s] Creating /home/grz/Steam-Curing-Sys/install/temp_humidity_publisher/lib/python3.8/site-packages/temp-humidity-publisher.egg-link (link to .)
[5.224s] Installing sensor_publisher script to /home/grz/Steam-Curing-Sys/install/temp_humidity_publisher/lib/temp_humidity_publisher
[5.225s] 
[5.226s] Installed /home/grz/Steam-Curing-Sys/build/temp_humidity_publisher
[5.228s] running symlink_data
[5.228s] creating /home/grz/Steam-Curing-Sys/install/temp_humidity_publisher/share/ament_index
[5.229s] creating /home/grz/Steam-Curing-Sys/install/temp_humidity_publisher/share/ament_index/resource_index
[5.229s] creating /home/grz/Steam-Curing-Sys/install/temp_humidity_publisher/share/ament_index/resource_index/packages
[5.230s] symbolically linking /home/grz/Steam-Curing-Sys/build/temp_humidity_publisher/resource/temp_humidity_publisher -> /home/grz/Steam-Curing-Sys/install/temp_humidity_publisher/share/ament_index/resource_index/packages
[5.230s] symbolically linking /home/grz/Steam-Curing-Sys/build/temp_humidity_publisher/package.xml -> /home/grz/Steam-Curing-Sys/install/temp_humidity_publisher/share/temp_humidity_publisher
[5.347s] Invoked command in '/home/grz/Steam-Curing-Sys/build/temp_humidity_publisher' returned '0': PYTHONPATH=/home/grz/Steam-Curing-Sys/build/temp_humidity_publisher/prefix_override:/usr/lib/python3/dist-packages/colcon_core/task/python/colcon_distutils_commands:/home/grz/Steam-Curing-Sys/install/temp_humidity_publisher/lib/python3.8/site-packages:${PYTHONPATH} /usr/bin/python3 -W ignore:setup.py install is deprecated setup.py develop --editable --build-directory /home/grz/Steam-Curing-Sys/build/temp_humidity_publisher/build --no-deps symlink_data
