running develop
running egg_info
creating steam_curing_sys.egg-info
writing steam_curing_sys.egg-info/PKG-INFO
writing dependency_links to steam_curing_sys.egg-info/dependency_links.txt
writing entry points to steam_curing_sys.egg-info/entry_points.txt
writing requirements to steam_curing_sys.egg-info/requires.txt
writing top-level names to steam_curing_sys.egg-info/top_level.txt
writing manifest file 'steam_curing_sys.egg-info/SOURCES.txt'
reading manifest file 'steam_curing_sys.egg-info/SOURCES.txt'
writing manifest file 'steam_curing_sys.egg-info/SOURCES.txt'
running build_ext
Creating /home/grz/Steam-Curing-Sys/install/steam_curing_sys/lib/python3.8/site-packages/site.py
Creating /home/grz/Steam-Curing-Sys/install/steam_curing_sys/lib/python3.8/site-packages/steam-curing-sys.egg-link (link to .)
Installing main_sys script to /home/grz/Steam-Curing-Sys/install/steam_curing_sys/lib/steam_curing_sys

Installed /home/grz/Steam-Curing-Sys/build/steam_curing_sys
running symlink_data
creating /home/grz/Steam-Curing-Sys/install/steam_curing_sys/share/ament_index
creating /home/grz/Steam-Curing-Sys/install/steam_curing_sys/share/ament_index/resource_index
creating /home/grz/Steam-Curing-Sys/install/steam_curing_sys/share/ament_index/resource_index/packages
symbolically linking /home/grz/Steam-Curing-Sys/build/steam_curing_sys/resource/steam_curing_sys -> /home/grz/Steam-Curing-Sys/install/steam_curing_sys/share/ament_index/resource_index/packages
symbolically linking /home/grz/Steam-Curing-Sys/build/steam_curing_sys/package.xml -> /home/grz/Steam-Curing-Sys/install/steam_curing_sys/share/steam_curing_sys
creating /home/grz/Steam-Curing-Sys/install/steam_curing_sys/share/steam_curing_sys/launch
symbolically linking /home/grz/Steam-Curing-Sys/build/steam_curing_sys/launch/steam_curing_sys_launch.py -> /home/grz/Steam-Curing-Sys/install/steam_curing_sys/share/steam_curing_sys/launch
