[0.810s] DEBUG:colcon:Command line arguments: ['/usr/bin/colcon', 'build', '--symlink-install', '--packages-select', 'steam_curing_sys', 'temp_humidity_publisher']
[0.811s] DEBUG:colcon:Parsed command line arguments: Namespace(allow_overriding=[], ament_cmake_args=None, base_paths=['.'], build_base='build', catkin_cmake_args=None, catkin_skip_building_tests=False, cmake_args=None, cmake_clean_cache=False, cmake_clean_first=False, cmake_force_configure=False, cmake_target=None, cmake_target_skip_unavailable=False, continue_on_error=False, event_handlers=None, executor='parallel', ignore_user_meta=False, install_base='install', log_base=None, log_level=None, main=<bound method BuildVerb.main of <colcon_core.verb.build.BuildVerb object at 0x7f86d7ced0d0>>, merge_install=False, metas=['./colcon.meta'], mixin=None, mixin_files=None, mixin_verb=('build',), packages_above=None, packages_above_and_dependencies=None, packages_above_depth=None, packages_end=None, packages_ignore=None, packages_ignore_regex=None, packages_select=['steam_curing_sys', 'temp_humidity_publisher'], packages_select_build_failed=False, packages_select_by_dep=None, packages_select_regex=None, packages_select_test_failures=False, packages_skip=None, packages_skip_build_finished=False, packages_skip_by_dep=None, packages_skip_regex=None, packages_skip_test_passed=False, packages_skip_up_to=None, packages_start=None, packages_up_to=None, packages_up_to_regex=None, parallel_workers=4, paths=None, symlink_install=True, test_result_base=None, verb_extension=<colcon_core.verb.build.BuildVerb object at 0x7f86d7ced0d0>, verb_name='build', verb_parser=<colcon_mixin.mixin.mixin_argument.MixinArgumentDecorator object at 0x7f86d7ced6a0>)
[1.439s] Level 1:colcon.colcon_core.package_discovery:discover_packages(colcon_meta) check parameters
[1.440s] Level 1:colcon.colcon_core.package_discovery:discover_packages(recursive) check parameters
[1.441s] Level 1:colcon.colcon_core.package_discovery:discover_packages(ignore) check parameters
[1.442s] Level 1:colcon.colcon_core.package_discovery:discover_packages(path) check parameters
[1.442s] Level 1:colcon.colcon_core.package_discovery:discover_packages(colcon_meta) discover
[1.443s] Level 1:colcon.colcon_core.package_discovery:discover_packages(recursive) discover
[1.443s] INFO:colcon.colcon_core.package_discovery:Crawling recursively for packages in '/home/grz/Steam-Curing-Sys'
[1.444s] Level 1:colcon.colcon_core.package_identification:_identify(.) by extensions ['ignore', 'ignore_ament_install']
[1.445s] Level 1:colcon.colcon_core.package_identification:_identify(.) by extension 'ignore'
[1.445s] Level 1:colcon.colcon_core.package_identification:_identify(.) by extension 'ignore_ament_install'
[1.446s] Level 1:colcon.colcon_core.package_identification:_identify(.) by extensions ['colcon_pkg']
[1.446s] Level 1:colcon.colcon_core.package_identification:_identify(.) by extension 'colcon_pkg'
[1.447s] Level 1:colcon.colcon_core.package_identification:_identify(.) by extensions ['colcon_meta']
[1.447s] Level 1:colcon.colcon_core.package_identification:_identify(.) by extension 'colcon_meta'
[1.447s] Level 1:colcon.colcon_core.package_identification:_identify(.) by extensions ['ros']
[1.448s] Level 1:colcon.colcon_core.package_identification:_identify(.) by extension 'ros'
[1.530s] Level 1:colcon.colcon_core.package_identification:_identify(.) by extensions ['cmake', 'python']
[1.531s] Level 1:colcon.colcon_core.package_identification:_identify(.) by extension 'cmake'
[1.532s] Level 1:colcon.colcon_core.package_identification:_identify(.) by extension 'python'
[1.532s] Level 1:colcon.colcon_core.package_identification:_identify(.) by extensions ['python_setup_py']
[1.533s] Level 1:colcon.colcon_core.package_identification:_identify(.) by extension 'python_setup_py'
[1.533s] Level 1:colcon.colcon_core.package_identification:_identify(__pycache__) by extensions ['ignore', 'ignore_ament_install']
[1.534s] Level 1:colcon.colcon_core.package_identification:_identify(__pycache__) by extension 'ignore'
[1.535s] Level 1:colcon.colcon_core.package_identification:_identify(__pycache__) by extension 'ignore_ament_install'
[1.536s] Level 1:colcon.colcon_core.package_identification:_identify(__pycache__) by extensions ['colcon_pkg']
[1.536s] Level 1:colcon.colcon_core.package_identification:_identify(__pycache__) by extension 'colcon_pkg'
[1.537s] Level 1:colcon.colcon_core.package_identification:_identify(__pycache__) by extensions ['colcon_meta']
[1.538s] Level 1:colcon.colcon_core.package_identification:_identify(__pycache__) by extension 'colcon_meta'
[1.538s] Level 1:colcon.colcon_core.package_identification:_identify(__pycache__) by extensions ['ros']
[1.539s] Level 1:colcon.colcon_core.package_identification:_identify(__pycache__) by extension 'ros'
[1.540s] Level 1:colcon.colcon_core.package_identification:_identify(__pycache__) by extensions ['cmake', 'python']
[1.540s] Level 1:colcon.colcon_core.package_identification:_identify(__pycache__) by extension 'cmake'
[1.541s] Level 1:colcon.colcon_core.package_identification:_identify(__pycache__) by extension 'python'
[1.541s] Level 1:colcon.colcon_core.package_identification:_identify(__pycache__) by extensions ['python_setup_py']
[1.542s] Level 1:colcon.colcon_core.package_identification:_identify(__pycache__) by extension 'python_setup_py'
[1.542s] Level 1:colcon.colcon_core.package_identification:_identify(build) by extensions ['ignore', 'ignore_ament_install']
[1.543s] Level 1:colcon.colcon_core.package_identification:_identify(build) by extension 'ignore'
[1.543s] Level 1:colcon.colcon_core.package_identification:_identify(build) ignored
[1.544s] Level 1:colcon.colcon_core.package_identification:_identify(install) by extensions ['ignore', 'ignore_ament_install']
[1.545s] Level 1:colcon.colcon_core.package_identification:_identify(install) by extension 'ignore'
[1.545s] Level 1:colcon.colcon_core.package_identification:_identify(install) ignored
[1.546s] Level 1:colcon.colcon_core.package_identification:_identify(log) by extensions ['ignore', 'ignore_ament_install']
[1.546s] Level 1:colcon.colcon_core.package_identification:_identify(log) by extension 'ignore'
[1.547s] Level 1:colcon.colcon_core.package_identification:_identify(log) ignored
[1.547s] Level 1:colcon.colcon_core.package_identification:_identify(steam_curing_sys) by extensions ['ignore', 'ignore_ament_install']
[1.548s] Level 1:colcon.colcon_core.package_identification:_identify(steam_curing_sys) by extension 'ignore'
[1.548s] Level 1:colcon.colcon_core.package_identification:_identify(steam_curing_sys) by extension 'ignore_ament_install'
[1.549s] Level 1:colcon.colcon_core.package_identification:_identify(steam_curing_sys) by extensions ['colcon_pkg']
[1.549s] Level 1:colcon.colcon_core.package_identification:_identify(steam_curing_sys) by extension 'colcon_pkg'
[1.550s] Level 1:colcon.colcon_core.package_identification:_identify(steam_curing_sys) by extensions ['colcon_meta']
[1.550s] Level 1:colcon.colcon_core.package_identification:_identify(steam_curing_sys) by extension 'colcon_meta'
[1.550s] Level 1:colcon.colcon_core.package_identification:_identify(steam_curing_sys) by extensions ['ros']
[1.551s] Level 1:colcon.colcon_core.package_identification:_identify(steam_curing_sys) by extension 'ros'
[1.560s] DEBUG:colcon.colcon_core.package_identification:Package 'steam_curing_sys' with type 'ros.ament_python' and name 'steam_curing_sys'
[1.561s] Level 1:colcon.colcon_core.package_identification:_identify(temp_humidity_publisher) by extensions ['ignore', 'ignore_ament_install']
[1.561s] Level 1:colcon.colcon_core.package_identification:_identify(temp_humidity_publisher) by extension 'ignore'
[1.562s] Level 1:colcon.colcon_core.package_identification:_identify(temp_humidity_publisher) by extension 'ignore_ament_install'
[1.562s] Level 1:colcon.colcon_core.package_identification:_identify(temp_humidity_publisher) by extensions ['colcon_pkg']
[1.563s] Level 1:colcon.colcon_core.package_identification:_identify(temp_humidity_publisher) by extension 'colcon_pkg'
[1.563s] Level 1:colcon.colcon_core.package_identification:_identify(temp_humidity_publisher) by extensions ['colcon_meta']
[1.563s] Level 1:colcon.colcon_core.package_identification:_identify(temp_humidity_publisher) by extension 'colcon_meta'
[1.564s] Level 1:colcon.colcon_core.package_identification:_identify(temp_humidity_publisher) by extensions ['ros']
[1.564s] Level 1:colcon.colcon_core.package_identification:_identify(temp_humidity_publisher) by extension 'ros'
[1.567s] DEBUG:colcon.colcon_core.package_identification:Package 'temp_humidity_publisher' with type 'ros.ament_python' and name 'temp_humidity_publisher'
[1.567s] Level 1:colcon.colcon_core.package_discovery:discover_packages(recursive) using defaults
[1.568s] Level 1:colcon.colcon_core.package_discovery:discover_packages(ignore) discover
[1.568s] Level 1:colcon.colcon_core.package_discovery:discover_packages(ignore) using defaults
[1.568s] Level 1:colcon.colcon_core.package_discovery:discover_packages(path) discover
[1.569s] Level 1:colcon.colcon_core.package_discovery:discover_packages(path) using defaults
[1.631s] Level 1:colcon.colcon_core.package_discovery:discover_packages(prefix_path) check parameters
[1.632s] Level 1:colcon.colcon_core.package_discovery:discover_packages(prefix_path) discover
[1.642s] DEBUG:colcon.colcon_installed_package_information.package_discovery:Found 168 installed packages in /opt/ros/foxy
[1.648s] Level 1:colcon.colcon_core.package_discovery:discover_packages(prefix_path) using defaults
[1.815s] Level 5:colcon.colcon_core.verb:set package 'steam_curing_sys' build argument 'cmake_args' from command line to 'None'
[1.815s] Level 5:colcon.colcon_core.verb:set package 'steam_curing_sys' build argument 'cmake_target' from command line to 'None'
[1.815s] Level 5:colcon.colcon_core.verb:set package 'steam_curing_sys' build argument 'cmake_target_skip_unavailable' from command line to 'False'
[1.816s] Level 5:colcon.colcon_core.verb:set package 'steam_curing_sys' build argument 'cmake_clean_cache' from command line to 'False'
[1.816s] Level 5:colcon.colcon_core.verb:set package 'steam_curing_sys' build argument 'cmake_clean_first' from command line to 'False'
[1.816s] Level 5:colcon.colcon_core.verb:set package 'steam_curing_sys' build argument 'cmake_force_configure' from command line to 'False'
[1.816s] Level 5:colcon.colcon_core.verb:set package 'steam_curing_sys' build argument 'ament_cmake_args' from command line to 'None'
[1.816s] Level 5:colcon.colcon_core.verb:set package 'steam_curing_sys' build argument 'catkin_cmake_args' from command line to 'None'
[1.816s] Level 5:colcon.colcon_core.verb:set package 'steam_curing_sys' build argument 'catkin_skip_building_tests' from command line to 'False'
[1.816s] DEBUG:colcon.colcon_core.verb:Building package 'steam_curing_sys' with the following arguments: {'ament_cmake_args': None, 'build_base': '/home/grz/Steam-Curing-Sys/build/steam_curing_sys', 'catkin_cmake_args': None, 'catkin_skip_building_tests': False, 'cmake_args': None, 'cmake_clean_cache': False, 'cmake_clean_first': False, 'cmake_force_configure': False, 'cmake_target': None, 'cmake_target_skip_unavailable': False, 'install_base': '/home/grz/Steam-Curing-Sys/install/steam_curing_sys', 'merge_install': False, 'path': '/home/grz/Steam-Curing-Sys/steam_curing_sys', 'symlink_install': True, 'test_result_base': None}
[1.818s] Level 5:colcon.colcon_core.verb:set package 'temp_humidity_publisher' build argument 'cmake_args' from command line to 'None'
[1.819s] Level 5:colcon.colcon_core.verb:set package 'temp_humidity_publisher' build argument 'cmake_target' from command line to 'None'
[1.819s] Level 5:colcon.colcon_core.verb:set package 'temp_humidity_publisher' build argument 'cmake_target_skip_unavailable' from command line to 'False'
[1.819s] Level 5:colcon.colcon_core.verb:set package 'temp_humidity_publisher' build argument 'cmake_clean_cache' from command line to 'False'
[1.819s] Level 5:colcon.colcon_core.verb:set package 'temp_humidity_publisher' build argument 'cmake_clean_first' from command line to 'False'
[1.819s] Level 5:colcon.colcon_core.verb:set package 'temp_humidity_publisher' build argument 'cmake_force_configure' from command line to 'False'
[1.819s] Level 5:colcon.colcon_core.verb:set package 'temp_humidity_publisher' build argument 'ament_cmake_args' from command line to 'None'
[1.819s] Level 5:colcon.colcon_core.verb:set package 'temp_humidity_publisher' build argument 'catkin_cmake_args' from command line to 'None'
[1.819s] Level 5:colcon.colcon_core.verb:set package 'temp_humidity_publisher' build argument 'catkin_skip_building_tests' from command line to 'False'
[1.820s] DEBUG:colcon.colcon_core.verb:Building package 'temp_humidity_publisher' with the following arguments: {'ament_cmake_args': None, 'build_base': '/home/grz/Steam-Curing-Sys/build/temp_humidity_publisher', 'catkin_cmake_args': None, 'catkin_skip_building_tests': False, 'cmake_args': None, 'cmake_clean_cache': False, 'cmake_clean_first': False, 'cmake_force_configure': False, 'cmake_target': None, 'cmake_target_skip_unavailable': False, 'install_base': '/home/grz/Steam-Curing-Sys/install/temp_humidity_publisher', 'merge_install': False, 'path': '/home/grz/Steam-Curing-Sys/temp_humidity_publisher', 'symlink_install': True, 'test_result_base': None}
[1.820s] INFO:colcon.colcon_core.executor:Executing jobs using 'parallel' executor
[1.824s] DEBUG:colcon.colcon_parallel_executor.executor.parallel:run_until_complete
[1.825s] INFO:colcon.colcon_ros.task.ament_python.build:Building ROS package in '/home/grz/Steam-Curing-Sys/steam_curing_sys' with build type 'ament_python'
[1.826s] Level 1:colcon.colcon_core.shell:create_environment_hook('steam_curing_sys', 'ament_prefix_path')
[1.836s] INFO:colcon.colcon_core.plugin_system:Skipping extension 'colcon_core.shell.bat': Not used on non-Windows systems
[1.837s] INFO:colcon.colcon_core.shell:Creating environment hook '/home/grz/Steam-Curing-Sys/install/steam_curing_sys/share/steam_curing_sys/hook/ament_prefix_path.ps1'
[1.839s] INFO:colcon.colcon_core.shell:Creating environment descriptor '/home/grz/Steam-Curing-Sys/install/steam_curing_sys/share/steam_curing_sys/hook/ament_prefix_path.dsv'
[1.841s] INFO:colcon.colcon_core.shell:Creating environment hook '/home/grz/Steam-Curing-Sys/install/steam_curing_sys/share/steam_curing_sys/hook/ament_prefix_path.sh'
[1.844s] INFO:colcon.colcon_core.shell:Skip shell extension 'powershell' for command environment: Not usable outside of PowerShell
[1.844s] DEBUG:colcon.colcon_core.shell:Skip shell extension 'dsv' for command environment
[1.860s] INFO:colcon.colcon_ros.task.ament_python.build:Building ROS package in '/home/grz/Steam-Curing-Sys/temp_humidity_publisher' with build type 'ament_python'
[1.861s] Level 1:colcon.colcon_core.shell:create_environment_hook('temp_humidity_publisher', 'ament_prefix_path')
[1.863s] INFO:colcon.colcon_core.shell:Creating environment hook '/home/grz/Steam-Curing-Sys/install/temp_humidity_publisher/share/temp_humidity_publisher/hook/ament_prefix_path.ps1'
[1.867s] INFO:colcon.colcon_core.shell:Creating environment descriptor '/home/grz/Steam-Curing-Sys/install/temp_humidity_publisher/share/temp_humidity_publisher/hook/ament_prefix_path.dsv'
[1.870s] INFO:colcon.colcon_core.shell:Creating environment hook '/home/grz/Steam-Curing-Sys/install/temp_humidity_publisher/share/temp_humidity_publisher/hook/ament_prefix_path.sh'
[1.873s] INFO:colcon.colcon_core.shell:Skip shell extension 'powershell' for command environment: Not usable outside of PowerShell
[1.874s] DEBUG:colcon.colcon_core.shell:Skip shell extension 'dsv' for command environment
[2.884s] INFO:colcon.colcon_core.task.python.build:Building Python package in '/home/grz/Steam-Curing-Sys/steam_curing_sys'
[2.886s] INFO:colcon.colcon_core.shell:Skip shell extension 'powershell' for command environment: Not usable outside of PowerShell
[2.887s] DEBUG:colcon.colcon_core.shell:Skip shell extension 'dsv' for command environment
[3.893s] INFO:colcon.colcon_core.task.python.build:Building Python package in '/home/grz/Steam-Curing-Sys/temp_humidity_publisher'
[3.895s] INFO:colcon.colcon_core.shell:Skip shell extension 'powershell' for command environment: Not usable outside of PowerShell
[3.896s] DEBUG:colcon.colcon_core.shell:Skip shell extension 'dsv' for command environment
[5.318s] DEBUG:colcon.colcon_core.event_handler.log_command:Invoking command in '/home/grz/Steam-Curing-Sys/build/steam_curing_sys': PYTHONPATH=/home/grz/Steam-Curing-Sys/build/steam_curing_sys/prefix_override:/usr/lib/python3/dist-packages/colcon_core/task/python/colcon_distutils_commands:/home/grz/Steam-Curing-Sys/install/steam_curing_sys/lib/python3.8/site-packages:${PYTHONPATH} /usr/bin/python3 -W ignore:setup.py install is deprecated setup.py develop --editable --build-directory /home/grz/Steam-Curing-Sys/build/steam_curing_sys/build --no-deps symlink_data
[5.377s] DEBUG:colcon.colcon_core.event_handler.log_command:Invoking command in '/home/grz/Steam-Curing-Sys/build/temp_humidity_publisher': PYTHONPATH=/home/grz/Steam-Curing-Sys/build/temp_humidity_publisher/prefix_override:/usr/lib/python3/dist-packages/colcon_core/task/python/colcon_distutils_commands:/home/grz/Steam-Curing-Sys/install/temp_humidity_publisher/lib/python3.8/site-packages:${PYTHONPATH} /usr/bin/python3 -W ignore:setup.py install is deprecated setup.py develop --editable --build-directory /home/grz/Steam-Curing-Sys/build/temp_humidity_publisher/build --no-deps symlink_data
[7.056s] Level 1:colcon.colcon_core.shell:create_environment_hook('steam_curing_sys', 'pythonpath_develop')
[7.059s] INFO:colcon.colcon_core.shell:Creating environment hook '/home/grz/Steam-Curing-Sys/build/steam_curing_sys/share/steam_curing_sys/hook/pythonpath_develop.ps1'
[7.060s] DEBUG:colcon.colcon_core.event_handler.log_command:Invoked command in '/home/grz/Steam-Curing-Sys/build/steam_curing_sys' returned '0': PYTHONPATH=/home/grz/Steam-Curing-Sys/build/steam_curing_sys/prefix_override:/usr/lib/python3/dist-packages/colcon_core/task/python/colcon_distutils_commands:/home/grz/Steam-Curing-Sys/install/steam_curing_sys/lib/python3.8/site-packages:${PYTHONPATH} /usr/bin/python3 -W ignore:setup.py install is deprecated setup.py develop --editable --build-directory /home/grz/Steam-Curing-Sys/build/steam_curing_sys/build --no-deps symlink_data
[7.063s] INFO:colcon.colcon_core.shell:Creating environment descriptor '/home/grz/Steam-Curing-Sys/build/steam_curing_sys/share/steam_curing_sys/hook/pythonpath_develop.dsv'
[7.065s] INFO:colcon.colcon_core.shell:Creating environment hook '/home/grz/Steam-Curing-Sys/build/steam_curing_sys/share/steam_curing_sys/hook/pythonpath_develop.sh'
[7.081s] Level 1:colcon.colcon_core.environment:checking '/home/grz/Steam-Curing-Sys/install/steam_curing_sys' for CMake module files
[7.084s] Level 1:colcon.colcon_core.environment:checking '/home/grz/Steam-Curing-Sys/install/steam_curing_sys' for CMake config files
[7.088s] Level 1:colcon.colcon_core.environment:checking '/home/grz/Steam-Curing-Sys/install/steam_curing_sys/lib'
[7.089s] Level 1:colcon.colcon_core.environment:checking '/home/grz/Steam-Curing-Sys/install/steam_curing_sys/bin'
[7.089s] Level 1:colcon.colcon_core.environment:checking '/home/grz/Steam-Curing-Sys/install/steam_curing_sys/lib/pkgconfig/steam_curing_sys.pc'
[7.091s] Level 1:colcon.colcon_core.environment:checking '/home/grz/Steam-Curing-Sys/install/steam_curing_sys/lib/python3.8/site-packages'
[7.091s] Level 1:colcon.colcon_core.shell:create_environment_hook('steam_curing_sys', 'pythonpath')
[7.092s] INFO:colcon.colcon_core.shell:Creating environment hook '/home/grz/Steam-Curing-Sys/install/steam_curing_sys/share/steam_curing_sys/hook/pythonpath.ps1'
[7.094s] INFO:colcon.colcon_core.shell:Creating environment descriptor '/home/grz/Steam-Curing-Sys/install/steam_curing_sys/share/steam_curing_sys/hook/pythonpath.dsv'
[7.096s] INFO:colcon.colcon_core.shell:Creating environment hook '/home/grz/Steam-Curing-Sys/install/steam_curing_sys/share/steam_curing_sys/hook/pythonpath.sh'
[7.098s] Level 1:colcon.colcon_core.environment:checking '/home/grz/Steam-Curing-Sys/install/steam_curing_sys/bin'
[7.098s] Level 1:colcon.colcon_core.environment:create_environment_scripts_only(steam_curing_sys)
[7.100s] INFO:colcon.colcon_core.shell:Creating package script '/home/grz/Steam-Curing-Sys/install/steam_curing_sys/share/steam_curing_sys/package.ps1'
[7.103s] INFO:colcon.colcon_core.shell:Creating package descriptor '/home/grz/Steam-Curing-Sys/install/steam_curing_sys/share/steam_curing_sys/package.dsv'
[7.106s] INFO:colcon.colcon_core.shell:Creating package script '/home/grz/Steam-Curing-Sys/install/steam_curing_sys/share/steam_curing_sys/package.sh'
[7.110s] INFO:colcon.colcon_core.shell:Creating package script '/home/grz/Steam-Curing-Sys/install/steam_curing_sys/share/steam_curing_sys/package.bash'
[7.113s] INFO:colcon.colcon_core.shell:Creating package script '/home/grz/Steam-Curing-Sys/install/steam_curing_sys/share/steam_curing_sys/package.zsh'
[7.116s] Level 1:colcon.colcon_core.environment:create_file_with_runtime_dependencies(/home/grz/Steam-Curing-Sys/install/steam_curing_sys/share/colcon-core/packages/steam_curing_sys)
[7.120s] Level 1:colcon.colcon_core.shell:create_environment_hook('temp_humidity_publisher', 'pythonpath_develop')
[7.121s] INFO:colcon.colcon_core.shell:Creating environment hook '/home/grz/Steam-Curing-Sys/build/temp_humidity_publisher/share/temp_humidity_publisher/hook/pythonpath_develop.ps1'
[7.124s] DEBUG:colcon.colcon_core.event_handler.log_command:Invoked command in '/home/grz/Steam-Curing-Sys/build/temp_humidity_publisher' returned '0': PYTHONPATH=/home/grz/Steam-Curing-Sys/build/temp_humidity_publisher/prefix_override:/usr/lib/python3/dist-packages/colcon_core/task/python/colcon_distutils_commands:/home/grz/Steam-Curing-Sys/install/temp_humidity_publisher/lib/python3.8/site-packages:${PYTHONPATH} /usr/bin/python3 -W ignore:setup.py install is deprecated setup.py develop --editable --build-directory /home/grz/Steam-Curing-Sys/build/temp_humidity_publisher/build --no-deps symlink_data
[7.125s] INFO:colcon.colcon_core.shell:Creating environment descriptor '/home/grz/Steam-Curing-Sys/build/temp_humidity_publisher/share/temp_humidity_publisher/hook/pythonpath_develop.dsv'
[7.127s] INFO:colcon.colcon_core.shell:Creating environment hook '/home/grz/Steam-Curing-Sys/build/temp_humidity_publisher/share/temp_humidity_publisher/hook/pythonpath_develop.sh'
[7.129s] Level 1:colcon.colcon_core.environment:checking '/home/grz/Steam-Curing-Sys/install/temp_humidity_publisher' for CMake module files
[7.132s] Level 1:colcon.colcon_core.environment:checking '/home/grz/Steam-Curing-Sys/install/temp_humidity_publisher' for CMake config files
[7.135s] Level 1:colcon.colcon_core.environment:checking '/home/grz/Steam-Curing-Sys/install/temp_humidity_publisher/lib'
[7.135s] Level 1:colcon.colcon_core.environment:checking '/home/grz/Steam-Curing-Sys/install/temp_humidity_publisher/bin'
[7.136s] Level 1:colcon.colcon_core.environment:checking '/home/grz/Steam-Curing-Sys/install/temp_humidity_publisher/lib/pkgconfig/temp_humidity_publisher.pc'
[7.137s] Level 1:colcon.colcon_core.environment:checking '/home/grz/Steam-Curing-Sys/install/temp_humidity_publisher/lib/python3.8/site-packages'
[7.137s] Level 1:colcon.colcon_core.shell:create_environment_hook('temp_humidity_publisher', 'pythonpath')
[7.138s] INFO:colcon.colcon_core.shell:Creating environment hook '/home/grz/Steam-Curing-Sys/install/temp_humidity_publisher/share/temp_humidity_publisher/hook/pythonpath.ps1'
[7.140s] INFO:colcon.colcon_core.shell:Creating environment descriptor '/home/grz/Steam-Curing-Sys/install/temp_humidity_publisher/share/temp_humidity_publisher/hook/pythonpath.dsv'
[7.141s] INFO:colcon.colcon_core.shell:Creating environment hook '/home/grz/Steam-Curing-Sys/install/temp_humidity_publisher/share/temp_humidity_publisher/hook/pythonpath.sh'
[7.143s] Level 1:colcon.colcon_core.environment:checking '/home/grz/Steam-Curing-Sys/install/temp_humidity_publisher/bin'
[7.143s] Level 1:colcon.colcon_core.environment:create_environment_scripts_only(temp_humidity_publisher)
[7.145s] INFO:colcon.colcon_core.shell:Creating package script '/home/grz/Steam-Curing-Sys/install/temp_humidity_publisher/share/temp_humidity_publisher/package.ps1'
[7.147s] INFO:colcon.colcon_core.shell:Creating package descriptor '/home/grz/Steam-Curing-Sys/install/temp_humidity_publisher/share/temp_humidity_publisher/package.dsv'
[7.149s] INFO:colcon.colcon_core.shell:Creating package script '/home/grz/Steam-Curing-Sys/install/temp_humidity_publisher/share/temp_humidity_publisher/package.sh'
[7.154s] INFO:colcon.colcon_core.shell:Creating package script '/home/grz/Steam-Curing-Sys/install/temp_humidity_publisher/share/temp_humidity_publisher/package.bash'
[7.155s] INFO:colcon.colcon_core.shell:Creating package script '/home/grz/Steam-Curing-Sys/install/temp_humidity_publisher/share/temp_humidity_publisher/package.zsh'
[7.157s] Level 1:colcon.colcon_core.environment:create_file_with_runtime_dependencies(/home/grz/Steam-Curing-Sys/install/temp_humidity_publisher/share/colcon-core/packages/temp_humidity_publisher)
[7.158s] DEBUG:colcon.colcon_parallel_executor.executor.parallel:closing loop
[7.159s] DEBUG:colcon.colcon_parallel_executor.executor.parallel:loop closed
[7.160s] DEBUG:colcon.colcon_parallel_executor.executor.parallel:run_until_complete finished with '0'
[7.160s] DEBUG:colcon.colcon_core.event_reactor:joining thread
[7.220s] INFO:colcon.colcon_core.plugin_system:Skipping extension 'colcon_notification.desktop_notification.notify_send': Could not find 'notify-send'
[7.220s] INFO:colcon.colcon_core.plugin_system:Skipping extension 'colcon_notification.desktop_notification.terminal_notifier': Not used on non-Darwin systems
[7.221s] INFO:colcon.colcon_core.plugin_system:Skipping extension 'colcon_notification.desktop_notification.win32': Not used on non-Windows systems
[7.221s] INFO:colcon.colcon_notification.desktop_notification:Sending desktop notification using 'notify2'
[7.224s] DEBUG:colcon.colcon_notification.desktop_notification.notify2:Failed to initialize notify2: org.freedesktop.DBus.Error.ServiceUnknown: The name org.freedesktop.Notifications was not provided by any .service files
[7.225s] DEBUG:colcon.colcon_core.event_reactor:joined thread
[7.226s] INFO:colcon.colcon_core.shell:Creating prefix script '/home/grz/Steam-Curing-Sys/install/local_setup.ps1'
[7.229s] INFO:colcon.colcon_core.shell:Creating prefix util module '/home/grz/Steam-Curing-Sys/install/_local_setup_util_ps1.py'
[7.235s] INFO:colcon.colcon_core.shell:Creating prefix chain script '/home/grz/Steam-Curing-Sys/install/setup.ps1'
[7.239s] INFO:colcon.colcon_core.shell:Creating prefix script '/home/grz/Steam-Curing-Sys/install/local_setup.sh'
[7.241s] INFO:colcon.colcon_core.shell:Creating prefix util module '/home/grz/Steam-Curing-Sys/install/_local_setup_util_sh.py'
[7.243s] INFO:colcon.colcon_core.shell:Creating prefix chain script '/home/grz/Steam-Curing-Sys/install/setup.sh'
[7.247s] INFO:colcon.colcon_core.shell:Creating prefix script '/home/grz/Steam-Curing-Sys/install/local_setup.bash'
[7.249s] INFO:colcon.colcon_core.shell:Creating prefix chain script '/home/grz/Steam-Curing-Sys/install/setup.bash'
[7.253s] INFO:colcon.colcon_core.shell:Creating prefix script '/home/grz/Steam-Curing-Sys/install/local_setup.zsh'
[7.255s] INFO:colcon.colcon_core.shell:Creating prefix chain script '/home/grz/Steam-Curing-Sys/install/setup.zsh'
