[0.850s] DEBUG:colcon:Command line arguments: ['/usr/bin/colcon', 'build', '--symlink-install', '--packages-select', 'temp_humidity_publisher']
[0.850s] DEBUG:colcon:Parsed command line arguments: Namespace(allow_overriding=[], ament_cmake_args=None, base_paths=['.'], build_base='build', catkin_cmake_args=None, catkin_skip_building_tests=False, cmake_args=None, cmake_clean_cache=False, cmake_clean_first=False, cmake_force_configure=False, cmake_target=None, cmake_target_skip_unavailable=False, continue_on_error=False, event_handlers=None, executor='parallel', ignore_user_meta=False, install_base='install', log_base=None, log_level=None, main=<bound method BuildVerb.main of <colcon_core.verb.build.BuildVerb object at 0x7f3eda5d9e50>>, merge_install=False, metas=['./colcon.meta'], mixin=None, mixin_files=None, mixin_verb=('build',), packages_above=None, packages_above_and_dependencies=None, packages_above_depth=None, packages_end=None, packages_ignore=None, packages_ignore_regex=None, packages_select=['temp_humidity_publisher'], packages_select_build_failed=False, packages_select_by_dep=None, packages_select_regex=None, packages_select_test_failures=False, packages_skip=None, packages_skip_build_finished=False, packages_skip_by_dep=None, packages_skip_regex=None, packages_skip_test_passed=False, packages_skip_up_to=None, packages_start=None, packages_up_to=None, packages_up_to_regex=None, parallel_workers=4, paths=None, symlink_install=True, test_result_base=None, verb_extension=<colcon_core.verb.build.BuildVerb object at 0x7f3eda5d9e50>, verb_name='build', verb_parser=<colcon_mixin.mixin.mixin_argument.MixinArgumentDecorator object at 0x7f3eda5e75e0>)
[1.454s] Level 1:colcon.colcon_core.package_discovery:discover_packages(colcon_meta) check parameters
[1.455s] Level 1:colcon.colcon_core.package_discovery:discover_packages(recursive) check parameters
[1.455s] Level 1:colcon.colcon_core.package_discovery:discover_packages(ignore) check parameters
[1.455s] Level 1:colcon.colcon_core.package_discovery:discover_packages(path) check parameters
[1.455s] Level 1:colcon.colcon_core.package_discovery:discover_packages(colcon_meta) discover
[1.456s] Level 1:colcon.colcon_core.package_discovery:discover_packages(recursive) discover
[1.456s] INFO:colcon.colcon_core.package_discovery:Crawling recursively for packages in '/home/grz/Steam-Curing-Sys'
[1.456s] Level 1:colcon.colcon_core.package_identification:_identify(.) by extensions ['ignore', 'ignore_ament_install']
[1.457s] Level 1:colcon.colcon_core.package_identification:_identify(.) by extension 'ignore'
[1.457s] Level 1:colcon.colcon_core.package_identification:_identify(.) by extension 'ignore_ament_install'
[1.457s] Level 1:colcon.colcon_core.package_identification:_identify(.) by extensions ['colcon_pkg']
[1.457s] Level 1:colcon.colcon_core.package_identification:_identify(.) by extension 'colcon_pkg'
[1.457s] Level 1:colcon.colcon_core.package_identification:_identify(.) by extensions ['colcon_meta']
[1.458s] Level 1:colcon.colcon_core.package_identification:_identify(.) by extension 'colcon_meta'
[1.458s] Level 1:colcon.colcon_core.package_identification:_identify(.) by extensions ['ros']
[1.458s] Level 1:colcon.colcon_core.package_identification:_identify(.) by extension 'ros'
[1.507s] Level 1:colcon.colcon_core.package_identification:_identify(.) by extensions ['cmake', 'python']
[1.508s] Level 1:colcon.colcon_core.package_identification:_identify(.) by extension 'cmake'
[1.508s] Level 1:colcon.colcon_core.package_identification:_identify(.) by extension 'python'
[1.508s] Level 1:colcon.colcon_core.package_identification:_identify(.) by extensions ['python_setup_py']
[1.508s] Level 1:colcon.colcon_core.package_identification:_identify(.) by extension 'python_setup_py'
[1.509s] Level 1:colcon.colcon_core.package_identification:_identify(__pycache__) by extensions ['ignore', 'ignore_ament_install']
[1.509s] Level 1:colcon.colcon_core.package_identification:_identify(__pycache__) by extension 'ignore'
[1.509s] Level 1:colcon.colcon_core.package_identification:_identify(__pycache__) by extension 'ignore_ament_install'
[1.510s] Level 1:colcon.colcon_core.package_identification:_identify(__pycache__) by extensions ['colcon_pkg']
[1.510s] Level 1:colcon.colcon_core.package_identification:_identify(__pycache__) by extension 'colcon_pkg'
[1.510s] Level 1:colcon.colcon_core.package_identification:_identify(__pycache__) by extensions ['colcon_meta']
[1.510s] Level 1:colcon.colcon_core.package_identification:_identify(__pycache__) by extension 'colcon_meta'
[1.511s] Level 1:colcon.colcon_core.package_identification:_identify(__pycache__) by extensions ['ros']
[1.511s] Level 1:colcon.colcon_core.package_identification:_identify(__pycache__) by extension 'ros'
[1.511s] Level 1:colcon.colcon_core.package_identification:_identify(__pycache__) by extensions ['cmake', 'python']
[1.511s] Level 1:colcon.colcon_core.package_identification:_identify(__pycache__) by extension 'cmake'
[1.512s] Level 1:colcon.colcon_core.package_identification:_identify(__pycache__) by extension 'python'
[1.512s] Level 1:colcon.colcon_core.package_identification:_identify(__pycache__) by extensions ['python_setup_py']
[1.512s] Level 1:colcon.colcon_core.package_identification:_identify(__pycache__) by extension 'python_setup_py'
[1.513s] Level 1:colcon.colcon_core.package_identification:_identify(build) by extensions ['ignore', 'ignore_ament_install']
[1.513s] Level 1:colcon.colcon_core.package_identification:_identify(build) by extension 'ignore'
[1.513s] Level 1:colcon.colcon_core.package_identification:_identify(build) ignored
[1.514s] Level 1:colcon.colcon_core.package_identification:_identify(install) by extensions ['ignore', 'ignore_ament_install']
[1.514s] Level 1:colcon.colcon_core.package_identification:_identify(install) by extension 'ignore'
[1.514s] Level 1:colcon.colcon_core.package_identification:_identify(install) ignored
[1.515s] Level 1:colcon.colcon_core.package_identification:_identify(log) by extensions ['ignore', 'ignore_ament_install']
[1.515s] Level 1:colcon.colcon_core.package_identification:_identify(log) by extension 'ignore'
[1.516s] Level 1:colcon.colcon_core.package_identification:_identify(log) ignored
[1.516s] Level 1:colcon.colcon_core.package_identification:_identify(optocoupler_input_publisher) by extensions ['ignore', 'ignore_ament_install']
[1.516s] Level 1:colcon.colcon_core.package_identification:_identify(optocoupler_input_publisher) by extension 'ignore'
[1.517s] Level 1:colcon.colcon_core.package_identification:_identify(optocoupler_input_publisher) by extension 'ignore_ament_install'
[1.517s] Level 1:colcon.colcon_core.package_identification:_identify(optocoupler_input_publisher) by extensions ['colcon_pkg']
[1.517s] Level 1:colcon.colcon_core.package_identification:_identify(optocoupler_input_publisher) by extension 'colcon_pkg'
[1.517s] Level 1:colcon.colcon_core.package_identification:_identify(optocoupler_input_publisher) by extensions ['colcon_meta']
[1.517s] Level 1:colcon.colcon_core.package_identification:_identify(optocoupler_input_publisher) by extension 'colcon_meta'
[1.518s] Level 1:colcon.colcon_core.package_identification:_identify(optocoupler_input_publisher) by extensions ['ros']
[1.518s] Level 1:colcon.colcon_core.package_identification:_identify(optocoupler_input_publisher) by extension 'ros'
[1.529s] DEBUG:colcon.colcon_core.package_identification:Package 'optocoupler_input_publisher' with type 'ros.ament_python' and name 'optocoupler_input_publisher'
[1.529s] Level 1:colcon.colcon_core.package_identification:_identify(steam_curing_sys) by extensions ['ignore', 'ignore_ament_install']
[1.530s] Level 1:colcon.colcon_core.package_identification:_identify(steam_curing_sys) by extension 'ignore'
[1.530s] Level 1:colcon.colcon_core.package_identification:_identify(steam_curing_sys) by extension 'ignore_ament_install'
[1.530s] Level 1:colcon.colcon_core.package_identification:_identify(steam_curing_sys) by extensions ['colcon_pkg']
[1.530s] Level 1:colcon.colcon_core.package_identification:_identify(steam_curing_sys) by extension 'colcon_pkg'
[1.531s] Level 1:colcon.colcon_core.package_identification:_identify(steam_curing_sys) by extensions ['colcon_meta']
[1.531s] Level 1:colcon.colcon_core.package_identification:_identify(steam_curing_sys) by extension 'colcon_meta'
[1.531s] Level 1:colcon.colcon_core.package_identification:_identify(steam_curing_sys) by extensions ['ros']
[1.531s] Level 1:colcon.colcon_core.package_identification:_identify(steam_curing_sys) by extension 'ros'
[1.534s] DEBUG:colcon.colcon_core.package_identification:Package 'steam_curing_sys' with type 'ros.ament_python' and name 'steam_curing_sys'
[1.534s] Level 1:colcon.colcon_core.package_identification:_identify(temp_humidity_publisher) by extensions ['ignore', 'ignore_ament_install']
[1.535s] Level 1:colcon.colcon_core.package_identification:_identify(temp_humidity_publisher) by extension 'ignore'
[1.535s] Level 1:colcon.colcon_core.package_identification:_identify(temp_humidity_publisher) by extension 'ignore_ament_install'
[1.536s] Level 1:colcon.colcon_core.package_identification:_identify(temp_humidity_publisher) by extensions ['colcon_pkg']
[1.536s] Level 1:colcon.colcon_core.package_identification:_identify(temp_humidity_publisher) by extension 'colcon_pkg'
[1.536s] Level 1:colcon.colcon_core.package_identification:_identify(temp_humidity_publisher) by extensions ['colcon_meta']
[1.536s] Level 1:colcon.colcon_core.package_identification:_identify(temp_humidity_publisher) by extension 'colcon_meta'
[1.536s] Level 1:colcon.colcon_core.package_identification:_identify(temp_humidity_publisher) by extensions ['ros']
[1.536s] Level 1:colcon.colcon_core.package_identification:_identify(temp_humidity_publisher) by extension 'ros'
[1.539s] DEBUG:colcon.colcon_core.package_identification:Package 'temp_humidity_publisher' with type 'ros.ament_python' and name 'temp_humidity_publisher'
[1.539s] Level 1:colcon.colcon_core.package_discovery:discover_packages(recursive) using defaults
[1.539s] Level 1:colcon.colcon_core.package_discovery:discover_packages(ignore) discover
[1.539s] Level 1:colcon.colcon_core.package_discovery:discover_packages(ignore) using defaults
[1.540s] Level 1:colcon.colcon_core.package_discovery:discover_packages(path) discover
[1.540s] Level 1:colcon.colcon_core.package_discovery:discover_packages(path) using defaults
[1.609s] INFO:colcon.colcon_core.package_selection:Skipping not selected package 'optocoupler_input_publisher' in 'optocoupler_input_publisher'
[1.609s] INFO:colcon.colcon_core.package_selection:Skipping not selected package 'steam_curing_sys' in 'steam_curing_sys'
[1.611s] Level 1:colcon.colcon_core.package_discovery:discover_packages(prefix_path) check parameters
[1.611s] Level 1:colcon.colcon_core.package_discovery:discover_packages(prefix_path) discover
[1.623s] DEBUG:colcon.colcon_installed_package_information.package_discovery:Found 168 installed packages in /opt/ros/foxy
[1.629s] Level 1:colcon.colcon_core.package_discovery:discover_packages(prefix_path) using defaults
[1.801s] Level 5:colcon.colcon_core.verb:set package 'temp_humidity_publisher' build argument 'cmake_args' from command line to 'None'
[1.801s] Level 5:colcon.colcon_core.verb:set package 'temp_humidity_publisher' build argument 'cmake_target' from command line to 'None'
[1.801s] Level 5:colcon.colcon_core.verb:set package 'temp_humidity_publisher' build argument 'cmake_target_skip_unavailable' from command line to 'False'
[1.801s] Level 5:colcon.colcon_core.verb:set package 'temp_humidity_publisher' build argument 'cmake_clean_cache' from command line to 'False'
[1.801s] Level 5:colcon.colcon_core.verb:set package 'temp_humidity_publisher' build argument 'cmake_clean_first' from command line to 'False'
[1.801s] Level 5:colcon.colcon_core.verb:set package 'temp_humidity_publisher' build argument 'cmake_force_configure' from command line to 'False'
[1.802s] Level 5:colcon.colcon_core.verb:set package 'temp_humidity_publisher' build argument 'ament_cmake_args' from command line to 'None'
[1.802s] Level 5:colcon.colcon_core.verb:set package 'temp_humidity_publisher' build argument 'catkin_cmake_args' from command line to 'None'
[1.802s] Level 5:colcon.colcon_core.verb:set package 'temp_humidity_publisher' build argument 'catkin_skip_building_tests' from command line to 'False'
[1.802s] DEBUG:colcon.colcon_core.verb:Building package 'temp_humidity_publisher' with the following arguments: {'ament_cmake_args': None, 'build_base': '/home/grz/Steam-Curing-Sys/build/temp_humidity_publisher', 'catkin_cmake_args': None, 'catkin_skip_building_tests': False, 'cmake_args': None, 'cmake_clean_cache': False, 'cmake_clean_first': False, 'cmake_force_configure': False, 'cmake_target': None, 'cmake_target_skip_unavailable': False, 'install_base': '/home/grz/Steam-Curing-Sys/install/temp_humidity_publisher', 'merge_install': False, 'path': '/home/grz/Steam-Curing-Sys/temp_humidity_publisher', 'symlink_install': True, 'test_result_base': None}
[1.803s] INFO:colcon.colcon_core.executor:Executing jobs using 'parallel' executor
[1.806s] DEBUG:colcon.colcon_parallel_executor.executor.parallel:run_until_complete
[1.807s] INFO:colcon.colcon_ros.task.ament_python.build:Building ROS package in '/home/grz/Steam-Curing-Sys/temp_humidity_publisher' with build type 'ament_python'
[1.808s] Level 1:colcon.colcon_core.shell:create_environment_hook('temp_humidity_publisher', 'ament_prefix_path')
[1.820s] INFO:colcon.colcon_core.plugin_system:Skipping extension 'colcon_core.shell.bat': Not used on non-Windows systems
[1.821s] INFO:colcon.colcon_core.shell:Creating environment hook '/home/grz/Steam-Curing-Sys/install/temp_humidity_publisher/share/temp_humidity_publisher/hook/ament_prefix_path.ps1'
[1.823s] INFO:colcon.colcon_core.shell:Creating environment descriptor '/home/grz/Steam-Curing-Sys/install/temp_humidity_publisher/share/temp_humidity_publisher/hook/ament_prefix_path.dsv'
[1.826s] INFO:colcon.colcon_core.shell:Creating environment hook '/home/grz/Steam-Curing-Sys/install/temp_humidity_publisher/share/temp_humidity_publisher/hook/ament_prefix_path.sh'
[1.830s] INFO:colcon.colcon_core.shell:Skip shell extension 'powershell' for command environment: Not usable outside of PowerShell
[1.830s] DEBUG:colcon.colcon_core.shell:Skip shell extension 'dsv' for command environment
[2.739s] INFO:colcon.colcon_core.task.python.build:Building Python package in '/home/grz/Steam-Curing-Sys/temp_humidity_publisher'
[2.741s] INFO:colcon.colcon_core.shell:Skip shell extension 'powershell' for command environment: Not usable outside of PowerShell
[2.741s] DEBUG:colcon.colcon_core.shell:Skip shell extension 'dsv' for command environment
[4.243s] DEBUG:colcon.colcon_core.event_handler.log_command:Invoking command in '/home/grz/Steam-Curing-Sys/build/temp_humidity_publisher': PYTHONPATH=/home/grz/Steam-Curing-Sys/build/temp_humidity_publisher/prefix_override:/usr/lib/python3/dist-packages/colcon_core/task/python/colcon_distutils_commands:/home/grz/Steam-Curing-Sys/install/temp_humidity_publisher/lib/python3.8/site-packages:${PYTHONPATH} /usr/bin/python3 -W ignore:setup.py install is deprecated setup.py develop --editable --build-directory /home/grz/Steam-Curing-Sys/build/temp_humidity_publisher/build --no-deps symlink_data
[5.926s] Level 1:colcon.colcon_core.shell:create_environment_hook('temp_humidity_publisher', 'pythonpath_develop')
[5.928s] INFO:colcon.colcon_core.shell:Creating environment hook '/home/grz/Steam-Curing-Sys/build/temp_humidity_publisher/share/temp_humidity_publisher/hook/pythonpath_develop.ps1'
[5.930s] DEBUG:colcon.colcon_core.event_handler.log_command:Invoked command in '/home/grz/Steam-Curing-Sys/build/temp_humidity_publisher' returned '0': PYTHONPATH=/home/grz/Steam-Curing-Sys/build/temp_humidity_publisher/prefix_override:/usr/lib/python3/dist-packages/colcon_core/task/python/colcon_distutils_commands:/home/grz/Steam-Curing-Sys/install/temp_humidity_publisher/lib/python3.8/site-packages:${PYTHONPATH} /usr/bin/python3 -W ignore:setup.py install is deprecated setup.py develop --editable --build-directory /home/grz/Steam-Curing-Sys/build/temp_humidity_publisher/build --no-deps symlink_data
[5.932s] INFO:colcon.colcon_core.shell:Creating environment descriptor '/home/grz/Steam-Curing-Sys/build/temp_humidity_publisher/share/temp_humidity_publisher/hook/pythonpath_develop.dsv'
[5.934s] INFO:colcon.colcon_core.shell:Creating environment hook '/home/grz/Steam-Curing-Sys/build/temp_humidity_publisher/share/temp_humidity_publisher/hook/pythonpath_develop.sh'
[5.952s] Level 1:colcon.colcon_core.environment:checking '/home/grz/Steam-Curing-Sys/install/temp_humidity_publisher' for CMake module files
[5.954s] Level 1:colcon.colcon_core.environment:checking '/home/grz/Steam-Curing-Sys/install/temp_humidity_publisher' for CMake config files
[5.957s] Level 1:colcon.colcon_core.environment:checking '/home/grz/Steam-Curing-Sys/install/temp_humidity_publisher/lib'
[5.958s] Level 1:colcon.colcon_core.environment:checking '/home/grz/Steam-Curing-Sys/install/temp_humidity_publisher/bin'
[5.958s] Level 1:colcon.colcon_core.environment:checking '/home/grz/Steam-Curing-Sys/install/temp_humidity_publisher/lib/pkgconfig/temp_humidity_publisher.pc'
[5.959s] Level 1:colcon.colcon_core.environment:checking '/home/grz/Steam-Curing-Sys/install/temp_humidity_publisher/lib/python3.8/site-packages'
[5.959s] Level 1:colcon.colcon_core.shell:create_environment_hook('temp_humidity_publisher', 'pythonpath')
[5.960s] INFO:colcon.colcon_core.shell:Creating environment hook '/home/grz/Steam-Curing-Sys/install/temp_humidity_publisher/share/temp_humidity_publisher/hook/pythonpath.ps1'
[5.962s] INFO:colcon.colcon_core.shell:Creating environment descriptor '/home/grz/Steam-Curing-Sys/install/temp_humidity_publisher/share/temp_humidity_publisher/hook/pythonpath.dsv'
[5.963s] INFO:colcon.colcon_core.shell:Creating environment hook '/home/grz/Steam-Curing-Sys/install/temp_humidity_publisher/share/temp_humidity_publisher/hook/pythonpath.sh'
[5.965s] Level 1:colcon.colcon_core.environment:checking '/home/grz/Steam-Curing-Sys/install/temp_humidity_publisher/bin'
[5.965s] Level 1:colcon.colcon_core.environment:create_environment_scripts_only(temp_humidity_publisher)
[5.967s] INFO:colcon.colcon_core.shell:Creating package script '/home/grz/Steam-Curing-Sys/install/temp_humidity_publisher/share/temp_humidity_publisher/package.ps1'
[5.971s] INFO:colcon.colcon_core.shell:Creating package descriptor '/home/grz/Steam-Curing-Sys/install/temp_humidity_publisher/share/temp_humidity_publisher/package.dsv'
[5.975s] INFO:colcon.colcon_core.shell:Creating package script '/home/grz/Steam-Curing-Sys/install/temp_humidity_publisher/share/temp_humidity_publisher/package.sh'
[5.979s] INFO:colcon.colcon_core.shell:Creating package script '/home/grz/Steam-Curing-Sys/install/temp_humidity_publisher/share/temp_humidity_publisher/package.bash'
[5.983s] INFO:colcon.colcon_core.shell:Creating package script '/home/grz/Steam-Curing-Sys/install/temp_humidity_publisher/share/temp_humidity_publisher/package.zsh'
[5.987s] Level 1:colcon.colcon_core.environment:create_file_with_runtime_dependencies(/home/grz/Steam-Curing-Sys/install/temp_humidity_publisher/share/colcon-core/packages/temp_humidity_publisher)
[5.988s] DEBUG:colcon.colcon_parallel_executor.executor.parallel:closing loop
[5.990s] DEBUG:colcon.colcon_parallel_executor.executor.parallel:loop closed
[5.992s] DEBUG:colcon.colcon_parallel_executor.executor.parallel:run_until_complete finished with '0'
[5.992s] DEBUG:colcon.colcon_core.event_reactor:joining thread
[6.014s] INFO:colcon.colcon_core.plugin_system:Skipping extension 'colcon_notification.desktop_notification.notify_send': Could not find 'notify-send'
[6.014s] INFO:colcon.colcon_core.plugin_system:Skipping extension 'colcon_notification.desktop_notification.terminal_notifier': Not used on non-Darwin systems
[6.015s] INFO:colcon.colcon_core.plugin_system:Skipping extension 'colcon_notification.desktop_notification.win32': Not used on non-Windows systems
[6.015s] INFO:colcon.colcon_notification.desktop_notification:Sending desktop notification using 'notify2'
[6.018s] DEBUG:colcon.colcon_notification.desktop_notification.notify2:Failed to initialize notify2: org.freedesktop.DBus.Error.ServiceUnknown: The name org.freedesktop.Notifications was not provided by any .service files
[6.018s] DEBUG:colcon.colcon_core.event_reactor:joined thread
[6.019s] INFO:colcon.colcon_core.shell:Creating prefix script '/home/grz/Steam-Curing-Sys/install/local_setup.ps1'
[6.027s] INFO:colcon.colcon_core.shell:Creating prefix util module '/home/grz/Steam-Curing-Sys/install/_local_setup_util_ps1.py'
[6.033s] INFO:colcon.colcon_core.shell:Creating prefix chain script '/home/grz/Steam-Curing-Sys/install/setup.ps1'
[6.038s] INFO:colcon.colcon_core.shell:Creating prefix script '/home/grz/Steam-Curing-Sys/install/local_setup.sh'
[6.041s] INFO:colcon.colcon_core.shell:Creating prefix util module '/home/grz/Steam-Curing-Sys/install/_local_setup_util_sh.py'
[6.044s] INFO:colcon.colcon_core.shell:Creating prefix chain script '/home/grz/Steam-Curing-Sys/install/setup.sh'
[6.048s] INFO:colcon.colcon_core.shell:Creating prefix script '/home/grz/Steam-Curing-Sys/install/local_setup.bash'
[6.051s] INFO:colcon.colcon_core.shell:Creating prefix chain script '/home/grz/Steam-Curing-Sys/install/setup.bash'
[6.056s] INFO:colcon.colcon_core.shell:Creating prefix script '/home/grz/Steam-Curing-Sys/install/local_setup.zsh'
[6.059s] INFO:colcon.colcon_core.shell:Creating prefix chain script '/home/grz/Steam-Curing-Sys/install/setup.zsh'
