[0.888s] DEBUG:colcon:Command line arguments: ['/usr/bin/colcon', 'build', '--symlink-install', '--packages-select', 'steam_curing_sys']
[0.889s] DEBUG:colcon:Parsed command line arguments: Namespace(allow_overriding=[], ament_cmake_args=None, base_paths=['.'], build_base='build', catkin_cmake_args=None, catkin_skip_building_tests=False, cmake_args=None, cmake_clean_cache=False, cmake_clean_first=False, cmake_force_configure=False, cmake_target=None, cmake_target_skip_unavailable=False, continue_on_error=False, event_handlers=None, executor='parallel', ignore_user_meta=False, install_base='install', log_base=None, log_level=None, main=<bound method BuildVerb.main of <colcon_core.verb.build.BuildVerb object at 0x7f9f6093de50>>, merge_install=False, metas=['./colcon.meta'], mixin=None, mixin_files=None, mixin_verb=('build',), packages_above=None, packages_above_and_dependencies=None, packages_above_depth=None, packages_end=None, packages_ignore=None, packages_ignore_regex=None, packages_select=['steam_curing_sys'], packages_select_build_failed=False, packages_select_by_dep=None, packages_select_regex=None, packages_select_test_failures=False, packages_skip=None, packages_skip_build_finished=False, packages_skip_by_dep=None, packages_skip_regex=None, packages_skip_test_passed=False, packages_skip_up_to=None, packages_start=None, packages_up_to=None, packages_up_to_regex=None, parallel_workers=4, paths=None, symlink_install=True, test_result_base=None, verb_extension=<colcon_core.verb.build.BuildVerb object at 0x7f9f6093de50>, verb_name='build', verb_parser=<colcon_mixin.mixin.mixin_argument.MixinArgumentDecorator object at 0x7f9f6094b5e0>)
[1.491s] Level 1:colcon.colcon_core.package_discovery:discover_packages(colcon_meta) check parameters
[1.492s] Level 1:colcon.colcon_core.package_discovery:discover_packages(recursive) check parameters
[1.492s] Level 1:colcon.colcon_core.package_discovery:discover_packages(ignore) check parameters
[1.492s] Level 1:colcon.colcon_core.package_discovery:discover_packages(path) check parameters
[1.492s] Level 1:colcon.colcon_core.package_discovery:discover_packages(colcon_meta) discover
[1.492s] Level 1:colcon.colcon_core.package_discovery:discover_packages(recursive) discover
[1.493s] INFO:colcon.colcon_core.package_discovery:Crawling recursively for packages in '/home/grz/Steam-Curing-Sys'
[1.493s] Level 1:colcon.colcon_core.package_identification:_identify(.) by extensions ['ignore', 'ignore_ament_install']
[1.493s] Level 1:colcon.colcon_core.package_identification:_identify(.) by extension 'ignore'
[1.494s] Level 1:colcon.colcon_core.package_identification:_identify(.) by extension 'ignore_ament_install'
[1.494s] Level 1:colcon.colcon_core.package_identification:_identify(.) by extensions ['colcon_pkg']
[1.494s] Level 1:colcon.colcon_core.package_identification:_identify(.) by extension 'colcon_pkg'
[1.494s] Level 1:colcon.colcon_core.package_identification:_identify(.) by extensions ['colcon_meta']
[1.494s] Level 1:colcon.colcon_core.package_identification:_identify(.) by extension 'colcon_meta'
[1.495s] Level 1:colcon.colcon_core.package_identification:_identify(.) by extensions ['ros']
[1.495s] Level 1:colcon.colcon_core.package_identification:_identify(.) by extension 'ros'
[1.544s] Level 1:colcon.colcon_core.package_identification:_identify(.) by extensions ['cmake', 'python']
[1.544s] Level 1:colcon.colcon_core.package_identification:_identify(.) by extension 'cmake'
[1.544s] Level 1:colcon.colcon_core.package_identification:_identify(.) by extension 'python'
[1.544s] Level 1:colcon.colcon_core.package_identification:_identify(.) by extensions ['python_setup_py']
[1.545s] Level 1:colcon.colcon_core.package_identification:_identify(.) by extension 'python_setup_py'
[1.545s] Level 1:colcon.colcon_core.package_identification:_identify(__pycache__) by extensions ['ignore', 'ignore_ament_install']
[1.546s] Level 1:colcon.colcon_core.package_identification:_identify(__pycache__) by extension 'ignore'
[1.546s] Level 1:colcon.colcon_core.package_identification:_identify(__pycache__) by extension 'ignore_ament_install'
[1.546s] Level 1:colcon.colcon_core.package_identification:_identify(__pycache__) by extensions ['colcon_pkg']
[1.546s] Level 1:colcon.colcon_core.package_identification:_identify(__pycache__) by extension 'colcon_pkg'
[1.546s] Level 1:colcon.colcon_core.package_identification:_identify(__pycache__) by extensions ['colcon_meta']
[1.547s] Level 1:colcon.colcon_core.package_identification:_identify(__pycache__) by extension 'colcon_meta'
[1.547s] Level 1:colcon.colcon_core.package_identification:_identify(__pycache__) by extensions ['ros']
[1.547s] Level 1:colcon.colcon_core.package_identification:_identify(__pycache__) by extension 'ros'
[1.548s] Level 1:colcon.colcon_core.package_identification:_identify(__pycache__) by extensions ['cmake', 'python']
[1.548s] Level 1:colcon.colcon_core.package_identification:_identify(__pycache__) by extension 'cmake'
[1.548s] Level 1:colcon.colcon_core.package_identification:_identify(__pycache__) by extension 'python'
[1.548s] Level 1:colcon.colcon_core.package_identification:_identify(__pycache__) by extensions ['python_setup_py']
[1.548s] Level 1:colcon.colcon_core.package_identification:_identify(__pycache__) by extension 'python_setup_py'
[1.549s] Level 1:colcon.colcon_core.package_identification:_identify(build) by extensions ['ignore', 'ignore_ament_install']
[1.549s] Level 1:colcon.colcon_core.package_identification:_identify(build) by extension 'ignore'
[1.549s] Level 1:colcon.colcon_core.package_identification:_identify(build) ignored
[1.550s] Level 1:colcon.colcon_core.package_identification:_identify(install) by extensions ['ignore', 'ignore_ament_install']
[1.550s] Level 1:colcon.colcon_core.package_identification:_identify(install) by extension 'ignore'
[1.551s] Level 1:colcon.colcon_core.package_identification:_identify(install) ignored
[1.551s] Level 1:colcon.colcon_core.package_identification:_identify(log) by extensions ['ignore', 'ignore_ament_install']
[1.552s] Level 1:colcon.colcon_core.package_identification:_identify(log) by extension 'ignore'
[1.552s] Level 1:colcon.colcon_core.package_identification:_identify(log) ignored
[1.552s] Level 1:colcon.colcon_core.package_identification:_identify(optocoupler_input_publisher) by extensions ['ignore', 'ignore_ament_install']
[1.553s] Level 1:colcon.colcon_core.package_identification:_identify(optocoupler_input_publisher) by extension 'ignore'
[1.553s] Level 1:colcon.colcon_core.package_identification:_identify(optocoupler_input_publisher) by extension 'ignore_ament_install'
[1.553s] Level 1:colcon.colcon_core.package_identification:_identify(optocoupler_input_publisher) by extensions ['colcon_pkg']
[1.553s] Level 1:colcon.colcon_core.package_identification:_identify(optocoupler_input_publisher) by extension 'colcon_pkg'
[1.554s] Level 1:colcon.colcon_core.package_identification:_identify(optocoupler_input_publisher) by extensions ['colcon_meta']
[1.554s] Level 1:colcon.colcon_core.package_identification:_identify(optocoupler_input_publisher) by extension 'colcon_meta'
[1.554s] Level 1:colcon.colcon_core.package_identification:_identify(optocoupler_input_publisher) by extensions ['ros']
[1.554s] Level 1:colcon.colcon_core.package_identification:_identify(optocoupler_input_publisher) by extension 'ros'
[1.565s] DEBUG:colcon.colcon_core.package_identification:Package 'optocoupler_input_publisher' with type 'ros.ament_python' and name 'optocoupler_input_publisher'
[1.565s] Level 1:colcon.colcon_core.package_identification:_identify(steam_curing_sys) by extensions ['ignore', 'ignore_ament_install']
[1.566s] Level 1:colcon.colcon_core.package_identification:_identify(steam_curing_sys) by extension 'ignore'
[1.566s] Level 1:colcon.colcon_core.package_identification:_identify(steam_curing_sys) by extension 'ignore_ament_install'
[1.567s] Level 1:colcon.colcon_core.package_identification:_identify(steam_curing_sys) by extensions ['colcon_pkg']
[1.567s] Level 1:colcon.colcon_core.package_identification:_identify(steam_curing_sys) by extension 'colcon_pkg'
[1.567s] Level 1:colcon.colcon_core.package_identification:_identify(steam_curing_sys) by extensions ['colcon_meta']
[1.567s] Level 1:colcon.colcon_core.package_identification:_identify(steam_curing_sys) by extension 'colcon_meta'
[1.568s] Level 1:colcon.colcon_core.package_identification:_identify(steam_curing_sys) by extensions ['ros']
[1.568s] Level 1:colcon.colcon_core.package_identification:_identify(steam_curing_sys) by extension 'ros'
[1.571s] DEBUG:colcon.colcon_core.package_identification:Package 'steam_curing_sys' with type 'ros.ament_python' and name 'steam_curing_sys'
[1.571s] Level 1:colcon.colcon_core.package_identification:_identify(temp_humidity_publisher) by extensions ['ignore', 'ignore_ament_install']
[1.572s] Level 1:colcon.colcon_core.package_identification:_identify(temp_humidity_publisher) by extension 'ignore'
[1.572s] Level 1:colcon.colcon_core.package_identification:_identify(temp_humidity_publisher) by extension 'ignore_ament_install'
[1.572s] Level 1:colcon.colcon_core.package_identification:_identify(temp_humidity_publisher) by extensions ['colcon_pkg']
[1.572s] Level 1:colcon.colcon_core.package_identification:_identify(temp_humidity_publisher) by extension 'colcon_pkg'
[1.572s] Level 1:colcon.colcon_core.package_identification:_identify(temp_humidity_publisher) by extensions ['colcon_meta']
[1.573s] Level 1:colcon.colcon_core.package_identification:_identify(temp_humidity_publisher) by extension 'colcon_meta'
[1.573s] Level 1:colcon.colcon_core.package_identification:_identify(temp_humidity_publisher) by extensions ['ros']
[1.573s] Level 1:colcon.colcon_core.package_identification:_identify(temp_humidity_publisher) by extension 'ros'
[1.575s] DEBUG:colcon.colcon_core.package_identification:Package 'temp_humidity_publisher' with type 'ros.ament_python' and name 'temp_humidity_publisher'
[1.576s] Level 1:colcon.colcon_core.package_discovery:discover_packages(recursive) using defaults
[1.576s] Level 1:colcon.colcon_core.package_discovery:discover_packages(ignore) discover
[1.576s] Level 1:colcon.colcon_core.package_discovery:discover_packages(ignore) using defaults
[1.576s] Level 1:colcon.colcon_core.package_discovery:discover_packages(path) discover
[1.576s] Level 1:colcon.colcon_core.package_discovery:discover_packages(path) using defaults
[1.647s] INFO:colcon.colcon_core.package_selection:Skipping not selected package 'optocoupler_input_publisher' in 'optocoupler_input_publisher'
[1.647s] INFO:colcon.colcon_core.package_selection:Skipping not selected package 'temp_humidity_publisher' in 'temp_humidity_publisher'
[1.649s] Level 1:colcon.colcon_core.package_discovery:discover_packages(prefix_path) check parameters
[1.649s] Level 1:colcon.colcon_core.package_discovery:discover_packages(prefix_path) discover
[1.661s] DEBUG:colcon.colcon_installed_package_information.package_discovery:Found 168 installed packages in /opt/ros/foxy
[1.667s] Level 1:colcon.colcon_core.package_discovery:discover_packages(prefix_path) using defaults
[1.852s] Level 5:colcon.colcon_core.verb:set package 'steam_curing_sys' build argument 'cmake_args' from command line to 'None'
[1.852s] Level 5:colcon.colcon_core.verb:set package 'steam_curing_sys' build argument 'cmake_target' from command line to 'None'
[1.852s] Level 5:colcon.colcon_core.verb:set package 'steam_curing_sys' build argument 'cmake_target_skip_unavailable' from command line to 'False'
[1.852s] Level 5:colcon.colcon_core.verb:set package 'steam_curing_sys' build argument 'cmake_clean_cache' from command line to 'False'
[1.852s] Level 5:colcon.colcon_core.verb:set package 'steam_curing_sys' build argument 'cmake_clean_first' from command line to 'False'
[1.852s] Level 5:colcon.colcon_core.verb:set package 'steam_curing_sys' build argument 'cmake_force_configure' from command line to 'False'
[1.852s] Level 5:colcon.colcon_core.verb:set package 'steam_curing_sys' build argument 'ament_cmake_args' from command line to 'None'
[1.853s] Level 5:colcon.colcon_core.verb:set package 'steam_curing_sys' build argument 'catkin_cmake_args' from command line to 'None'
[1.853s] Level 5:colcon.colcon_core.verb:set package 'steam_curing_sys' build argument 'catkin_skip_building_tests' from command line to 'False'
[1.853s] DEBUG:colcon.colcon_core.verb:Building package 'steam_curing_sys' with the following arguments: {'ament_cmake_args': None, 'build_base': '/home/grz/Steam-Curing-Sys/build/steam_curing_sys', 'catkin_cmake_args': None, 'catkin_skip_building_tests': False, 'cmake_args': None, 'cmake_clean_cache': False, 'cmake_clean_first': False, 'cmake_force_configure': False, 'cmake_target': None, 'cmake_target_skip_unavailable': False, 'install_base': '/home/grz/Steam-Curing-Sys/install/steam_curing_sys', 'merge_install': False, 'path': '/home/grz/Steam-Curing-Sys/steam_curing_sys', 'symlink_install': True, 'test_result_base': None}
[1.854s] INFO:colcon.colcon_core.executor:Executing jobs using 'parallel' executor
[1.858s] DEBUG:colcon.colcon_parallel_executor.executor.parallel:run_until_complete
[1.859s] INFO:colcon.colcon_ros.task.ament_python.build:Building ROS package in '/home/grz/Steam-Curing-Sys/steam_curing_sys' with build type 'ament_python'
[1.860s] Level 1:colcon.colcon_core.shell:create_environment_hook('steam_curing_sys', 'ament_prefix_path')
[1.873s] INFO:colcon.colcon_core.plugin_system:Skipping extension 'colcon_core.shell.bat': Not used on non-Windows systems
[1.874s] INFO:colcon.colcon_core.shell:Creating environment hook '/home/grz/Steam-Curing-Sys/install/steam_curing_sys/share/steam_curing_sys/hook/ament_prefix_path.ps1'
[1.876s] INFO:colcon.colcon_core.shell:Creating environment descriptor '/home/grz/Steam-Curing-Sys/install/steam_curing_sys/share/steam_curing_sys/hook/ament_prefix_path.dsv'
[1.879s] INFO:colcon.colcon_core.shell:Creating environment hook '/home/grz/Steam-Curing-Sys/install/steam_curing_sys/share/steam_curing_sys/hook/ament_prefix_path.sh'
[1.883s] INFO:colcon.colcon_core.shell:Skip shell extension 'powershell' for command environment: Not usable outside of PowerShell
[1.884s] DEBUG:colcon.colcon_core.shell:Skip shell extension 'dsv' for command environment
[2.781s] INFO:colcon.colcon_core.task.python.build:Building Python package in '/home/grz/Steam-Curing-Sys/steam_curing_sys'
[2.784s] INFO:colcon.colcon_core.shell:Skip shell extension 'powershell' for command environment: Not usable outside of PowerShell
[2.784s] DEBUG:colcon.colcon_core.shell:Skip shell extension 'dsv' for command environment
[4.287s] DEBUG:colcon.colcon_core.event_handler.log_command:Invoking command in '/home/grz/Steam-Curing-Sys/build/steam_curing_sys': PYTHONPATH=/home/grz/Steam-Curing-Sys/build/steam_curing_sys/prefix_override:/usr/lib/python3/dist-packages/colcon_core/task/python/colcon_distutils_commands:/home/grz/Steam-Curing-Sys/install/steam_curing_sys/lib/python3.8/site-packages:${PYTHONPATH} /usr/bin/python3 -W ignore:setup.py install is deprecated setup.py develop --editable --build-directory /home/grz/Steam-Curing-Sys/build/steam_curing_sys/build --no-deps symlink_data
[5.989s] Level 1:colcon.colcon_core.shell:create_environment_hook('steam_curing_sys', 'pythonpath_develop')
[5.990s] INFO:colcon.colcon_core.shell:Creating environment hook '/home/grz/Steam-Curing-Sys/build/steam_curing_sys/share/steam_curing_sys/hook/pythonpath_develop.ps1'
[5.992s] DEBUG:colcon.colcon_core.event_handler.log_command:Invoked command in '/home/grz/Steam-Curing-Sys/build/steam_curing_sys' returned '0': PYTHONPATH=/home/grz/Steam-Curing-Sys/build/steam_curing_sys/prefix_override:/usr/lib/python3/dist-packages/colcon_core/task/python/colcon_distutils_commands:/home/grz/Steam-Curing-Sys/install/steam_curing_sys/lib/python3.8/site-packages:${PYTHONPATH} /usr/bin/python3 -W ignore:setup.py install is deprecated setup.py develop --editable --build-directory /home/grz/Steam-Curing-Sys/build/steam_curing_sys/build --no-deps symlink_data
[5.994s] INFO:colcon.colcon_core.shell:Creating environment descriptor '/home/grz/Steam-Curing-Sys/build/steam_curing_sys/share/steam_curing_sys/hook/pythonpath_develop.dsv'
[5.996s] INFO:colcon.colcon_core.shell:Creating environment hook '/home/grz/Steam-Curing-Sys/build/steam_curing_sys/share/steam_curing_sys/hook/pythonpath_develop.sh'
[6.013s] Level 1:colcon.colcon_core.environment:checking '/home/grz/Steam-Curing-Sys/install/steam_curing_sys' for CMake module files
[6.016s] Level 1:colcon.colcon_core.environment:checking '/home/grz/Steam-Curing-Sys/install/steam_curing_sys' for CMake config files
[6.018s] Level 1:colcon.colcon_core.environment:checking '/home/grz/Steam-Curing-Sys/install/steam_curing_sys/lib'
[6.019s] Level 1:colcon.colcon_core.environment:checking '/home/grz/Steam-Curing-Sys/install/steam_curing_sys/bin'
[6.020s] Level 1:colcon.colcon_core.environment:checking '/home/grz/Steam-Curing-Sys/install/steam_curing_sys/lib/pkgconfig/steam_curing_sys.pc'
[6.020s] Level 1:colcon.colcon_core.environment:checking '/home/grz/Steam-Curing-Sys/install/steam_curing_sys/lib/python3.8/site-packages'
[6.021s] Level 1:colcon.colcon_core.shell:create_environment_hook('steam_curing_sys', 'pythonpath')
[6.022s] INFO:colcon.colcon_core.shell:Creating environment hook '/home/grz/Steam-Curing-Sys/install/steam_curing_sys/share/steam_curing_sys/hook/pythonpath.ps1'
[6.023s] INFO:colcon.colcon_core.shell:Creating environment descriptor '/home/grz/Steam-Curing-Sys/install/steam_curing_sys/share/steam_curing_sys/hook/pythonpath.dsv'
[6.025s] INFO:colcon.colcon_core.shell:Creating environment hook '/home/grz/Steam-Curing-Sys/install/steam_curing_sys/share/steam_curing_sys/hook/pythonpath.sh'
[6.027s] Level 1:colcon.colcon_core.environment:checking '/home/grz/Steam-Curing-Sys/install/steam_curing_sys/bin'
[6.027s] Level 1:colcon.colcon_core.environment:create_environment_scripts_only(steam_curing_sys)
[6.029s] INFO:colcon.colcon_core.shell:Creating package script '/home/grz/Steam-Curing-Sys/install/steam_curing_sys/share/steam_curing_sys/package.ps1'
[6.033s] INFO:colcon.colcon_core.shell:Creating package descriptor '/home/grz/Steam-Curing-Sys/install/steam_curing_sys/share/steam_curing_sys/package.dsv'
[6.037s] INFO:colcon.colcon_core.shell:Creating package script '/home/grz/Steam-Curing-Sys/install/steam_curing_sys/share/steam_curing_sys/package.sh'
[6.041s] INFO:colcon.colcon_core.shell:Creating package script '/home/grz/Steam-Curing-Sys/install/steam_curing_sys/share/steam_curing_sys/package.bash'
[6.045s] INFO:colcon.colcon_core.shell:Creating package script '/home/grz/Steam-Curing-Sys/install/steam_curing_sys/share/steam_curing_sys/package.zsh'
[6.049s] Level 1:colcon.colcon_core.environment:create_file_with_runtime_dependencies(/home/grz/Steam-Curing-Sys/install/steam_curing_sys/share/colcon-core/packages/steam_curing_sys)
[6.051s] DEBUG:colcon.colcon_parallel_executor.executor.parallel:closing loop
[6.052s] DEBUG:colcon.colcon_parallel_executor.executor.parallel:loop closed
[6.053s] DEBUG:colcon.colcon_parallel_executor.executor.parallel:run_until_complete finished with '0'
[6.054s] DEBUG:colcon.colcon_core.event_reactor:joining thread
[6.078s] INFO:colcon.colcon_core.plugin_system:Skipping extension 'colcon_notification.desktop_notification.notify_send': Could not find 'notify-send'
[6.079s] INFO:colcon.colcon_core.plugin_system:Skipping extension 'colcon_notification.desktop_notification.terminal_notifier': Not used on non-Darwin systems
[6.079s] INFO:colcon.colcon_core.plugin_system:Skipping extension 'colcon_notification.desktop_notification.win32': Not used on non-Windows systems
[6.079s] INFO:colcon.colcon_notification.desktop_notification:Sending desktop notification using 'notify2'
[6.083s] DEBUG:colcon.colcon_notification.desktop_notification.notify2:Failed to initialize notify2: org.freedesktop.DBus.Error.ServiceUnknown: The name org.freedesktop.Notifications was not provided by any .service files
[6.083s] DEBUG:colcon.colcon_core.event_reactor:joined thread
[6.089s] INFO:colcon.colcon_core.shell:Creating prefix script '/home/grz/Steam-Curing-Sys/install/local_setup.ps1'
[6.093s] INFO:colcon.colcon_core.shell:Creating prefix util module '/home/grz/Steam-Curing-Sys/install/_local_setup_util_ps1.py'
[6.099s] INFO:colcon.colcon_core.shell:Creating prefix chain script '/home/grz/Steam-Curing-Sys/install/setup.ps1'
[6.104s] INFO:colcon.colcon_core.shell:Creating prefix script '/home/grz/Steam-Curing-Sys/install/local_setup.sh'
[6.107s] INFO:colcon.colcon_core.shell:Creating prefix util module '/home/grz/Steam-Curing-Sys/install/_local_setup_util_sh.py'
[6.109s] INFO:colcon.colcon_core.shell:Creating prefix chain script '/home/grz/Steam-Curing-Sys/install/setup.sh'
[6.114s] INFO:colcon.colcon_core.shell:Creating prefix script '/home/grz/Steam-Curing-Sys/install/local_setup.bash'
[6.117s] INFO:colcon.colcon_core.shell:Creating prefix chain script '/home/grz/Steam-Curing-Sys/install/setup.bash'
[6.122s] INFO:colcon.colcon_core.shell:Creating prefix script '/home/grz/Steam-Curing-Sys/install/local_setup.zsh'
[6.125s] INFO:colcon.colcon_core.shell:Creating prefix chain script '/home/grz/Steam-Curing-Sys/install/setup.zsh'
